{"/workspaces/ArtScape/client/src/api/comments.js": {"path":"/workspaces/ArtScape/client/src/api/comments.js","statementMap":{"0":{"start":{"line":3,"column":17},"end":{"line":3,"column":49}},"1":{"start":{"line":8,"column":18},"end":{"line":10,"column":14}},"2":{"start":{"line":12,"column":16},"end":{"line":17,"column":6}},"3":{"start":{"line":18,"column":4},"end":{"line":18,"column":53}},"4":{"start":{"line":18,"column":16},"end":{"line":18,"column":53}},"5":{"start":{"line":19,"column":4},"end":{"line":19,"column":21}},"6":{"start":{"line":25,"column":18},"end":{"line":27,"column":14}},"7":{"start":{"line":29,"column":16},"end":{"line":35,"column":6}},"8":{"start":{"line":36,"column":4},"end":{"line":36,"column":53}},"9":{"start":{"line":36,"column":16},"end":{"line":36,"column":53}},"10":{"start":{"line":37,"column":17},"end":{"line":37,"column":33}},"11":{"start":{"line":38,"column":4},"end":{"line":38,"column":21}},"12":{"start":{"line":43,"column":18},"end":{"line":45,"column":14}},"13":{"start":{"line":47,"column":16},"end":{"line":55,"column":6}},"14":{"start":{"line":56,"column":4},"end":{"line":56,"column":53}},"15":{"start":{"line":56,"column":16},"end":{"line":56,"column":53}},"16":{"start":{"line":57,"column":4},"end":{"line":57,"column":21}},"17":{"start":{"line":62,"column":18},"end":{"line":64,"column":14}},"18":{"start":{"line":66,"column":16},"end":{"line":74,"column":6}},"19":{"start":{"line":75,"column":4},"end":{"line":75,"column":53}},"20":{"start":{"line":75,"column":16},"end":{"line":75,"column":53}},"21":{"start":{"line":76,"column":4},"end":{"line":76,"column":21}}},"fnMap":{"0":{"name":"getCommentByPost","decl":{"start":{"line":6,"column":22},"end":{"line":6,"column":38}},"loc":{"start":{"line":6,"column":46},"end":{"line":20,"column":1}},"line":6},"1":{"name":"getCommentCount","decl":{"start":{"line":23,"column":22},"end":{"line":23,"column":37}},"loc":{"start":{"line":23,"column":45},"end":{"line":39,"column":1}},"line":23},"2":{"name":"addComment","decl":{"start":{"line":42,"column":22},"end":{"line":42,"column":32}},"loc":{"start":{"line":42,"column":48},"end":{"line":58,"column":1}},"line":42},"3":{"name":"addReply","decl":{"start":{"line":61,"column":22},"end":{"line":61,"column":30}},"loc":{"start":{"line":61,"column":48},"end":{"line":77,"column":null}},"line":61}},"branchMap":{"0":{"loc":{"start":{"line":8,"column":18},"end":{"line":10,"column":14}},"type":"cond-expr","locations":[{"start":{"line":9,"column":6},"end":{"line":9,"column":61}},{"start":{"line":10,"column":10},"end":{"line":10,"column":14}}],"line":8},"1":{"loc":{"start":{"line":15,"column":62},"end":{"line":15,"column":92}},"type":"cond-expr","locations":[{"start":{"line":15,"column":70},"end":{"line":15,"column":87}},{"start":{"line":15,"column":90},"end":{"line":15,"column":92}}],"line":15},"2":{"loc":{"start":{"line":18,"column":4},"end":{"line":18,"column":53}},"type":"if","locations":[{"start":{"line":18,"column":4},"end":{"line":18,"column":53}},{"start":{},"end":{}}],"line":18},"3":{"loc":{"start":{"line":25,"column":18},"end":{"line":27,"column":14}},"type":"cond-expr","locations":[{"start":{"line":26,"column":6},"end":{"line":26,"column":61}},{"start":{"line":27,"column":10},"end":{"line":27,"column":14}}],"line":25},"4":{"loc":{"start":{"line":33,"column":27},"end":{"line":33,"column":57}},"type":"cond-expr","locations":[{"start":{"line":33,"column":35},"end":{"line":33,"column":52}},{"start":{"line":33,"column":55},"end":{"line":33,"column":57}}],"line":33},"5":{"loc":{"start":{"line":36,"column":4},"end":{"line":36,"column":53}},"type":"if","locations":[{"start":{"line":36,"column":4},"end":{"line":36,"column":53}},{"start":{},"end":{}}],"line":36},"6":{"loc":{"start":{"line":43,"column":18},"end":{"line":45,"column":14}},"type":"cond-expr","locations":[{"start":{"line":44,"column":6},"end":{"line":44,"column":61}},{"start":{"line":45,"column":10},"end":{"line":45,"column":14}}],"line":43},"7":{"loc":{"start":{"line":52,"column":27},"end":{"line":52,"column":57}},"type":"cond-expr","locations":[{"start":{"line":52,"column":35},"end":{"line":52,"column":52}},{"start":{"line":52,"column":55},"end":{"line":52,"column":57}}],"line":52},"8":{"loc":{"start":{"line":56,"column":4},"end":{"line":56,"column":53}},"type":"if","locations":[{"start":{"line":56,"column":4},"end":{"line":56,"column":53}},{"start":{},"end":{}}],"line":56},"9":{"loc":{"start":{"line":62,"column":18},"end":{"line":64,"column":14}},"type":"cond-expr","locations":[{"start":{"line":63,"column":6},"end":{"line":63,"column":61}},{"start":{"line":64,"column":10},"end":{"line":64,"column":14}}],"line":62},"10":{"loc":{"start":{"line":70,"column":63},"end":{"line":70,"column":93}},"type":"cond-expr","locations":[{"start":{"line":70,"column":71},"end":{"line":70,"column":88}},{"start":{"line":70,"column":91},"end":{"line":70,"column":93}}],"line":70},"11":{"loc":{"start":{"line":75,"column":4},"end":{"line":75,"column":53}},"type":"if","locations":[{"start":{"line":75,"column":4},"end":{"line":75,"column":53}},{"start":{},"end":{}}],"line":75}},"s":{"0":1,"1":1,"2":1,"3":1,"4":0,"5":0,"6":0,"7":0,"8":0,"9":0,"10":0,"11":0,"12":0,"13":0,"14":0,"15":0,"16":0,"17":0,"18":0,"19":0,"20":0,"21":0},"f":{"0":1,"1":0,"2":0,"3":0},"b":{"0":[1,0],"1":[1,0],"2":[0,1],"3":[0,0],"4":[0,0],"5":[0,0],"6":[0,0],"7":[0,0],"8":[0,0],"9":[0,0],"10":[0,0],"11":[0,0]},"meta":{"lastBranch":12,"lastFunction":4,"lastStatement":22,"seen":{"s:3:17:3:49":0,"f:6:22:6:38":0,"s:8:18:10:14":1,"b:9:6:9:61:10:10:10:14":0,"s:12:16:17:6":2,"b:15:70:15:87:15:90:15:92":1,"b:18:4:18:53:undefined:undefined:undefined:undefined":2,"s:18:4:18:53":3,"s:18:16:18:53":4,"s:19:4:19:21":5,"f:23:22:23:37":1,"s:25:18:27:14":6,"b:26:6:26:61:27:10:27:14":3,"s:29:16:35:6":7,"b:33:35:33:52:33:55:33:57":4,"b:36:4:36:53:undefined:undefined:undefined:undefined":5,"s:36:4:36:53":8,"s:36:16:36:53":9,"s:37:17:37:33":10,"s:38:4:38:21":11,"f:42:22:42:32":2,"s:43:18:45:14":12,"b:44:6:44:61:45:10:45:14":6,"s:47:16:55:6":13,"b:52:35:52:52:52:55:52:57":7,"b:56:4:56:53:undefined:undefined:undefined:undefined":8,"s:56:4:56:53":14,"s:56:16:56:53":15,"s:57:4:57:21":16,"f:61:22:61:30":3,"s:62:18:64:14":17,"b:63:6:63:61:64:10:64:14":9,"s:66:16:74:6":18,"b:70:71:70:88:70:91:70:93":10,"b:75:4:75:53:undefined:undefined:undefined:undefined":11,"s:75:4:75:53":19,"s:75:16:75:53":20,"s:76:4:76:21":21}}}
,"/workspaces/ArtScape/client/src/components/CommentsSection.jsx": {"path":"/workspaces/ArtScape/client/src/components/CommentsSection.jsx","statementMap":{"0":{"start":{"line":9,"column":32},"end":{"line":9,"column":null}},"1":{"start":{"line":10,"column":38},"end":{"line":10,"column":null}},"2":{"start":{"line":11,"column":34},"end":{"line":11,"column":null}},"3":{"start":{"line":12,"column":44},"end":{"line":12,"column":null}},"4":{"start":{"line":13,"column":46},"end":{"line":13,"column":null}},"5":{"start":{"line":14,"column":44},"end":{"line":14,"column":null}},"6":{"start":{"line":18,"column":25},"end":{"line":38,"column":null}},"7":{"start":{"line":19,"column":17},"end":{"line":19,"column":null}},"8":{"start":{"line":20,"column":18},"end":{"line":20,"column":null}},"9":{"start":{"line":22,"column":4},"end":{"line":25,"column":null}},"10":{"start":{"line":23,"column":6},"end":{"line":23,"column":null}},"11":{"start":{"line":24,"column":6},"end":{"line":24,"column":null}},"12":{"start":{"line":26,"column":8},"end":{"line":26,"column":null}},"13":{"start":{"line":28,"column":8},"end":{"line":37,"column":null}},"14":{"start":{"line":29,"column":25},"end":{"line":29,"column":null}},"15":{"start":{"line":30,"column":12},"end":{"line":30,"column":null}},"16":{"start":{"line":31,"column":12},"end":{"line":31,"column":null}},"17":{"start":{"line":33,"column":12},"end":{"line":33,"column":null}},"18":{"start":{"line":34,"column":12},"end":{"line":34,"column":null}},"19":{"start":{"line":36,"column":12},"end":{"line":36,"column":null}},"20":{"start":{"line":40,"column":4},"end":{"line":44,"column":null}},"21":{"start":{"line":41,"column":8},"end":{"line":43,"column":null}},"22":{"start":{"line":42,"column":12},"end":{"line":42,"column":null}},"23":{"start":{"line":47,"column":29},"end":{"line":67,"column":null}},"24":{"start":{"line":48,"column":21},"end":{"line":48,"column":null}},"25":{"start":{"line":50,"column":8},"end":{"line":53,"column":null}},"26":{"start":{"line":51,"column":12},"end":{"line":51,"column":null}},"27":{"start":{"line":52,"column":12},"end":{"line":52,"column":null}},"28":{"start":{"line":54,"column":8},"end":{"line":66,"column":null}},"29":{"start":{"line":55,"column":31},"end":{"line":55,"column":null}},"30":{"start":{"line":56,"column":12},"end":{"line":56,"column":null}},"31":{"start":{"line":56,"column":31},"end":{"line":56,"column":52}},"32":{"start":{"line":57,"column":12},"end":{"line":57,"column":null}},"33":{"start":{"line":58,"column":12},"end":{"line":58,"column":null}},"34":{"start":{"line":60,"column":12},"end":{"line":62,"column":null}},"35":{"start":{"line":61,"column":16},"end":{"line":61,"column":null}},"36":{"start":{"line":64,"column":12},"end":{"line":64,"column":null}},"37":{"start":{"line":65,"column":12},"end":{"line":65,"column":null}},"38":{"start":{"line":70,"column":26},"end":{"line":93,"column":null}},"39":{"start":{"line":71,"column":2},"end":{"line":92,"column":null}},"40":{"start":{"line":72,"column":17},"end":{"line":72,"column":null}},"41":{"start":{"line":73,"column":18},"end":{"line":73,"column":null}},"42":{"start":{"line":75,"column":16},"end":{"line":80,"column":null}},"43":{"start":{"line":82,"column":4},"end":{"line":82,"column":null}},"44":{"start":{"line":82,"column":17},"end":{"line":82,"column":null}},"45":{"start":{"line":85,"column":4},"end":{"line":85,"column":null}},"46":{"start":{"line":85,"column":24},"end":{"line":85,"column":61}},"47":{"start":{"line":85,"column":41},"end":{"line":85,"column":60}},"48":{"start":{"line":87,"column":4},"end":{"line":87,"column":null}},"49":{"start":{"line":90,"column":4},"end":{"line":90,"column":null}},"50":{"start":{"line":91,"column":4},"end":{"line":91,"column":null}},"51":{"start":{"line":97,"column":24},"end":{"line":122,"column":null}},"52":{"start":{"line":98,"column":15},"end":{"line":98,"column":null}},"53":{"start":{"line":99,"column":2},"end":{"line":102,"column":null}},"54":{"start":{"line":100,"column":4},"end":{"line":100,"column":null}},"55":{"start":{"line":101,"column":4},"end":{"line":101,"column":null}},"56":{"start":{"line":103,"column":2},"end":{"line":121,"column":null}},"57":{"start":{"line":104,"column":27},"end":{"line":104,"column":null}},"58":{"start":{"line":106,"column":4},"end":{"line":108,"column":null}},"59":{"start":{"line":106,"column":24},"end":{"line":108,"column":5}},"60":{"start":{"line":107,"column":6},"end":{"line":107,"column":null}},"61":{"start":{"line":111,"column":4},"end":{"line":111,"column":null}},"62":{"start":{"line":111,"column":26},"end":{"line":111,"column":55}},"63":{"start":{"line":112,"column":4},"end":{"line":112,"column":null}},"64":{"start":{"line":115,"column":4},"end":{"line":117,"column":null}},"65":{"start":{"line":116,"column":6},"end":{"line":116,"column":null}},"66":{"start":{"line":116,"column":33},"end":{"line":116,"column":46}},"67":{"start":{"line":119,"column":4},"end":{"line":119,"column":null}},"68":{"start":{"line":120,"column":4},"end":{"line":120,"column":null}},"69":{"start":{"line":125,"column":24},"end":{"line":153,"column":null}},"70":{"start":{"line":126,"column":2},"end":{"line":152,"column":null}},"71":{"start":{"line":127,"column":17},"end":{"line":127,"column":null}},"72":{"start":{"line":128,"column":18},"end":{"line":128,"column":null}},"73":{"start":{"line":130,"column":16},"end":{"line":135,"column":null}},"74":{"start":{"line":137,"column":4},"end":{"line":137,"column":null}},"75":{"start":{"line":137,"column":17},"end":{"line":137,"column":null}},"76":{"start":{"line":140,"column":4},"end":{"line":146,"column":null}},"77":{"start":{"line":141,"column":6},"end":{"line":145,"column":null}},"78":{"start":{"line":142,"column":8},"end":{"line":144,"column":null}},"79":{"start":{"line":143,"column":63},"end":{"line":143,"column":80}},"80":{"start":{"line":147,"column":4},"end":{"line":147,"column":null}},"81":{"start":{"line":150,"column":4},"end":{"line":150,"column":null}},"82":{"start":{"line":151,"column":4},"end":{"line":151,"column":null}},"83":{"start":{"line":155,"column":4},"end":{"line":299,"column":null}},"84":{"start":{"line":168,"column":37},"end":{"line":168,"column":null}},"85":{"start":{"line":169,"column":39},"end":{"line":169,"column":null}},"86":{"start":{"line":193,"column":36},"end":{"line":291,"column":null}},"87":{"start":{"line":216,"column":52},"end":{"line":216,"column":null}},"88":{"start":{"line":216,"column":79},"end":{"line":216,"column":126}},"89":{"start":{"line":226,"column":67},"end":{"line":226,"column":null}},"90":{"start":{"line":239,"column":73},"end":{"line":240,"column":null}},"91":{"start":{"line":239,"column":95},"end":{"line":240,"column":88}},"92":{"start":{"line":241,"column":76},"end":{"line":241,"column":null}},"93":{"start":{"line":244,"column":78},"end":{"line":244,"column":null}},"94":{"start":{"line":257,"column":56},"end":{"line":282,"column":null}},"95":{"start":{"line":276,"column":75},"end":{"line":276,"column":null}}},"fnMap":{"0":{"name":"CommentsSection","decl":{"start":{"line":7,"column":9},"end":{"line":7,"column":25}},"loc":{"start":{"line":7,"column":81},"end":{"line":301,"column":null}},"line":7},"1":{"name":"(anonymous_1)","decl":{"start":{"line":18,"column":25},"end":{"line":18,"column":36}},"loc":{"start":{"line":18,"column":36},"end":{"line":38,"column":null}},"line":18},"2":{"name":"(anonymous_2)","decl":{"start":{"line":40,"column":14},"end":{"line":40,"column":19}},"loc":{"start":{"line":40,"column":19},"end":{"line":44,"column":6}},"line":40},"3":{"name":"(anonymous_3)","decl":{"start":{"line":47,"column":29},"end":{"line":47,"column":39}},"loc":{"start":{"line":47,"column":39},"end":{"line":67,"column":null}},"line":47},"4":{"name":"(anonymous_4)","decl":{"start":{"line":56,"column":24},"end":{"line":56,"column":31}},"loc":{"start":{"line":56,"column":31},"end":{"line":56,"column":52}},"line":56},"5":{"name":"(anonymous_5)","decl":{"start":{"line":70,"column":26},"end":{"line":70,"column":33}},"loc":{"start":{"line":70,"column":47},"end":{"line":93,"column":null}},"line":70},"6":{"name":"(anonymous_6)","decl":{"start":{"line":85,"column":16},"end":{"line":85,"column":24}},"loc":{"start":{"line":85,"column":24},"end":{"line":85,"column":61}},"line":85},"7":{"name":"(anonymous_7)","decl":{"start":{"line":85,"column":36},"end":{"line":85,"column":41}},"loc":{"start":{"line":85,"column":41},"end":{"line":85,"column":60}},"line":85},"8":{"name":"(anonymous_8)","decl":{"start":{"line":97,"column":24},"end":{"line":97,"column":31}},"loc":{"start":{"line":97,"column":45},"end":{"line":122,"column":null}},"line":97},"9":{"name":"(anonymous_9)","decl":{"start":{"line":106,"column":16},"end":{"line":106,"column":24}},"loc":{"start":{"line":106,"column":24},"end":{"line":108,"column":5}},"line":106},"10":{"name":"(anonymous_10)","decl":{"start":{"line":106,"column":33},"end":{"line":106,"column":null}},"loc":{"start":{"line":107,"column":6},"end":{"line":107,"column":null}},"line":107},"11":{"name":"(anonymous_11)","decl":{"start":{"line":111,"column":17},"end":{"line":111,"column":26}},"loc":{"start":{"line":111,"column":26},"end":{"line":111,"column":55}},"line":111},"12":{"name":"(anonymous_12)","decl":{"start":{"line":116,"column":20},"end":{"line":116,"column":33}},"loc":{"start":{"line":116,"column":33},"end":{"line":116,"column":46}},"line":116},"13":{"name":"(anonymous_13)","decl":{"start":{"line":125,"column":24},"end":{"line":125,"column":31}},"loc":{"start":{"line":125,"column":54},"end":{"line":153,"column":null}},"line":125},"14":{"name":"(anonymous_14)","decl":{"start":{"line":140,"column":16},"end":{"line":140,"column":null}},"loc":{"start":{"line":141,"column":6},"end":{"line":145,"column":null}},"line":141},"15":{"name":"(anonymous_15)","decl":{"start":{"line":141,"column":23},"end":{"line":141,"column":null}},"loc":{"start":{"line":142,"column":8},"end":{"line":144,"column":null}},"line":142},"16":{"name":"(anonymous_16)","decl":{"start":{"line":143,"column":58},"end":{"line":143,"column":63}},"loc":{"start":{"line":143,"column":63},"end":{"line":143,"column":80}},"line":143},"17":{"name":"(anonymous_17)","decl":{"start":{"line":168,"column":30},"end":{"line":168,"column":31}},"loc":{"start":{"line":168,"column":37},"end":{"line":168,"column":null}},"line":168},"18":{"name":"(anonymous_18)","decl":{"start":{"line":169,"column":32},"end":{"line":169,"column":33}},"loc":{"start":{"line":169,"column":39},"end":{"line":169,"column":null}},"line":169},"19":{"name":"(anonymous_19)","decl":{"start":{"line":192,"column":46},"end":{"line":192,"column":47}},"loc":{"start":{"line":193,"column":36},"end":{"line":291,"column":null}},"line":193},"20":{"name":"(anonymous_20)","decl":{"start":{"line":215,"column":57},"end":{"line":215,"column":null}},"loc":{"start":{"line":216,"column":52},"end":{"line":216,"column":null}},"line":216},"21":{"name":"(anonymous_21)","decl":{"start":{"line":216,"column":70},"end":{"line":216,"column":79}},"loc":{"start":{"line":216,"column":79},"end":{"line":216,"column":126}},"line":216},"22":{"name":"(anonymous_22)","decl":{"start":{"line":226,"column":61},"end":{"line":226,"column":67}},"loc":{"start":{"line":226,"column":67},"end":{"line":226,"column":null}},"line":226},"23":{"name":"(anonymous_23)","decl":{"start":{"line":239,"column":66},"end":{"line":239,"column":67}},"loc":{"start":{"line":239,"column":73},"end":{"line":240,"column":null}},"line":239},"24":{"name":"(anonymous_24)","decl":{"start":{"line":239,"column":86},"end":{"line":239,"column":95}},"loc":{"start":{"line":239,"column":95},"end":{"line":240,"column":88}},"line":239},"25":{"name":"(anonymous_25)","decl":{"start":{"line":241,"column":69},"end":{"line":241,"column":70}},"loc":{"start":{"line":241,"column":76},"end":{"line":241,"column":null}},"line":241},"26":{"name":"(anonymous_26)","decl":{"start":{"line":244,"column":74},"end":{"line":244,"column":78}},"loc":{"start":{"line":244,"column":78},"end":{"line":244,"column":null}},"line":244},"27":{"name":"(anonymous_27)","decl":{"start":{"line":255,"column":75},"end":{"line":255,"column":76}},"loc":{"start":{"line":257,"column":56},"end":{"line":282,"column":null}},"line":257},"28":{"name":"(anonymous_28)","decl":{"start":{"line":276,"column":69},"end":{"line":276,"column":75}},"loc":{"start":{"line":276,"column":75},"end":{"line":276,"column":null}},"line":276}},"branchMap":{"0":{"loc":{"start":{"line":22,"column":4},"end":{"line":25,"column":null}},"type":"if","locations":[{"start":{"line":22,"column":4},"end":{"line":25,"column":null}},{"start":{},"end":{}}],"line":22},"1":{"loc":{"start":{"line":41,"column":8},"end":{"line":43,"column":null}},"type":"if","locations":[{"start":{"line":41,"column":8},"end":{"line":43,"column":null}},{"start":{},"end":{}}],"line":41},"2":{"loc":{"start":{"line":41,"column":11},"end":{"line":41,"column":43}},"type":"binary-expr","locations":[{"start":{"line":41,"column":11},"end":{"line":41,"column":27}},{"start":{"line":41,"column":27},"end":{"line":41,"column":43}}],"line":41},"3":{"loc":{"start":{"line":50,"column":8},"end":{"line":53,"column":null}},"type":"if","locations":[{"start":{"line":50,"column":8},"end":{"line":53,"column":null}},{"start":{},"end":{}}],"line":50},"4":{"loc":{"start":{"line":60,"column":12},"end":{"line":62,"column":null}},"type":"if","locations":[{"start":{"line":60,"column":12},"end":{"line":62,"column":null}},{"start":{},"end":{}}],"line":60},"5":{"loc":{"start":{"line":82,"column":4},"end":{"line":82,"column":null}},"type":"if","locations":[{"start":{"line":82,"column":4},"end":{"line":82,"column":null}},{"start":{},"end":{}}],"line":82},"6":{"loc":{"start":{"line":99,"column":2},"end":{"line":102,"column":null}},"type":"if","locations":[{"start":{"line":99,"column":2},"end":{"line":102,"column":null}},{"start":{},"end":{}}],"line":99},"7":{"loc":{"start":{"line":107,"column":6},"end":{"line":107,"column":null}},"type":"cond-expr","locations":[{"start":{"line":107,"column":34},"end":{"line":107,"column":51}},{"start":{"line":107,"column":51},"end":{"line":107,"column":null}}],"line":107},"8":{"loc":{"start":{"line":115,"column":4},"end":{"line":117,"column":null}},"type":"if","locations":[{"start":{"line":115,"column":4},"end":{"line":117,"column":null}},{"start":{},"end":{}}],"line":115},"9":{"loc":{"start":{"line":137,"column":4},"end":{"line":137,"column":null}},"type":"if","locations":[{"start":{"line":137,"column":4},"end":{"line":137,"column":null}},{"start":{},"end":{}}],"line":137},"10":{"loc":{"start":{"line":142,"column":8},"end":{"line":144,"column":null}},"type":"cond-expr","locations":[{"start":{"line":143,"column":12},"end":{"line":143,"column":null}},{"start":{"line":144,"column":12},"end":{"line":144,"column":null}}],"line":142},"11":{"loc":{"start":{"line":159,"column":9},"end":{"line":297,"column":null}},"type":"binary-expr","locations":[{"start":{"line":159,"column":9},"end":{"line":159,"column":null}},{"start":{"line":160,"column":12},"end":{"line":297,"column":null}}],"line":159},"12":{"loc":{"start":{"line":169,"column":39},"end":{"line":169,"column":null}},"type":"binary-expr","locations":[{"start":{"line":169,"column":39},"end":{"line":169,"column":60}},{"start":{"line":169,"column":60},"end":{"line":169,"column":null}}],"line":169},"13":{"loc":{"start":{"line":179,"column":25},"end":{"line":294,"column":null}},"type":"cond-expr","locations":[{"start":{"line":180,"column":28},"end":{"line":186,"column":null}},{"start":{"line":188,"column":28},"end":{"line":294,"column":null}}],"line":179},"14":{"loc":{"start":{"line":189,"column":29},"end":{"line":292,"column":null}},"type":"cond-expr","locations":[{"start":{"line":190,"column":32},"end":{"line":190,"column":null}},{"start":{"line":192,"column":32},"end":{"line":292,"column":null}}],"line":189},"15":{"loc":{"start":{"line":197,"column":49},"end":{"line":197,"column":94}},"type":"binary-expr","locations":[{"start":{"line":197,"column":49},"end":{"line":197,"column":80}},{"start":{"line":197,"column":80},"end":{"line":197,"column":94}}],"line":197},"16":{"loc":{"start":{"line":223,"column":49},"end":{"line":229,"column":null}},"type":"binary-expr","locations":[{"start":{"line":223,"column":49},"end":{"line":223,"column":null}},{"start":{"line":224,"column":48},"end":{"line":229,"column":null}}],"line":223},"17":{"loc":{"start":{"line":234,"column":49},"end":{"line":249,"column":null}},"type":"binary-expr","locations":[{"start":{"line":234,"column":49},"end":{"line":234,"column":null}},{"start":{"line":235,"column":52},"end":{"line":249,"column":null}}],"line":234},"18":{"loc":{"start":{"line":241,"column":76},"end":{"line":241,"column":null}},"type":"binary-expr","locations":[{"start":{"line":241,"column":76},"end":{"line":241,"column":97}},{"start":{"line":241,"column":97},"end":{"line":241,"column":null}}],"line":241},"19":{"loc":{"start":{"line":253,"column":49},"end":{"line":286,"column":null}},"type":"binary-expr","locations":[{"start":{"line":253,"column":49},"end":{"line":253,"column":null}},{"start":{"line":254,"column":52},"end":{"line":286,"column":null}}],"line":253},"20":{"loc":{"start":{"line":258,"column":66},"end":{"line":258,"column":null}},"type":"binary-expr","locations":[{"start":{"line":258,"column":66},"end":{"line":258,"column":95}},{"start":{"line":258,"column":95},"end":{"line":258,"column":null}}],"line":258},"21":{"loc":{"start":{"line":268,"column":69},"end":{"line":268,"column":null}},"type":"cond-expr","locations":[{"start":{"line":268,"column":69},"end":{"line":268,"column":101}},{"start":{"line":268,"column":101},"end":{"line":268,"column":null}}],"line":268},"22":{"loc":{"start":{"line":274,"column":57},"end":{"line":280,"column":null}},"type":"binary-expr","locations":[{"start":{"line":274,"column":57},"end":{"line":274,"column":null}},{"start":{"line":275,"column":60},"end":{"line":280,"column":null}}],"line":274}},"s":{"0":4,"1":4,"2":4,"3":4,"4":4,"5":4,"6":4,"7":1,"8":1,"9":1,"10":0,"11":0,"12":1,"13":1,"14":1,"15":0,"16":0,"17":1,"18":1,"19":1,"20":4,"21":2,"22":1,"23":4,"24":0,"25":0,"26":0,"27":0,"28":0,"29":0,"30":0,"31":0,"32":0,"33":0,"34":0,"35":0,"36":0,"37":0,"38":4,"39":0,"40":0,"41":0,"42":0,"43":0,"44":0,"45":0,"46":0,"47":0,"48":0,"49":0,"50":0,"51":4,"52":0,"53":0,"54":0,"55":0,"56":0,"57":0,"58":0,"59":0,"60":0,"61":0,"62":0,"63":0,"64":0,"65":0,"66":0,"67":0,"68":0,"69":4,"70":0,"71":0,"72":0,"73":0,"74":0,"75":0,"76":0,"77":0,"78":0,"79":0,"80":0,"81":0,"82":0,"83":4,"84":0,"85":0,"86":0,"87":0,"88":0,"89":0,"90":0,"91":0,"92":0,"93":0,"94":0,"95":0},"f":{"0":4,"1":1,"2":2,"3":0,"4":0,"5":0,"6":0,"7":0,"8":0,"9":0,"10":0,"11":0,"12":0,"13":0,"14":0,"15":0,"16":0,"17":0,"18":0,"19":0,"20":0,"21":0,"22":0,"23":0,"24":0,"25":0,"26":0,"27":0,"28":0},"b":{"0":[0,1],"1":[1,1],"2":[2,1],"3":[0,0],"4":[0,0],"5":[0,0],"6":[0,0],"7":[0,0],"8":[0,0],"9":[0,0],"10":[0,0],"11":[4,2],"12":[0,0],"13":[1,1],"14":[1,0],"15":[0,0],"16":[0,0],"17":[0,0],"18":[0,0],"19":[0,0],"20":[0,0],"21":[0,0],"22":[0,0]},"meta":{"lastBranch":23,"lastFunction":29,"lastStatement":96,"seen":{"f:7:9:7:25":0,"s:9:32:9:Infinity":0,"s:10:38:10:Infinity":1,"s:11:34:11:Infinity":2,"s:12:44:12:Infinity":3,"s:13:46:13:Infinity":4,"s:14:44:14:Infinity":5,"s:18:25:38:Infinity":6,"f:18:25:18:36":1,"s:19:17:19:Infinity":7,"s:20:18:20:Infinity":8,"b:22:4:25:Infinity:undefined:undefined:undefined:undefined":0,"s:22:4:25:Infinity":9,"s:23:6:23:Infinity":10,"s:24:6:24:Infinity":11,"s:26:8:26:Infinity":12,"s:28:8:37:Infinity":13,"s:29:25:29:Infinity":14,"s:30:12:30:Infinity":15,"s:31:12:31:Infinity":16,"s:33:12:33:Infinity":17,"s:34:12:34:Infinity":18,"s:36:12:36:Infinity":19,"s:40:4:44:Infinity":20,"f:40:14:40:19":2,"b:41:8:43:Infinity:undefined:undefined:undefined:undefined":1,"s:41:8:43:Infinity":21,"b:41:11:41:27:41:27:41:43":2,"s:42:12:42:Infinity":22,"s:47:29:67:Infinity":23,"f:47:29:47:39":3,"s:48:21:48:Infinity":24,"b:50:8:53:Infinity:undefined:undefined:undefined:undefined":3,"s:50:8:53:Infinity":25,"s:51:12:51:Infinity":26,"s:52:12:52:Infinity":27,"s:54:8:66:Infinity":28,"s:55:31:55:Infinity":29,"s:56:12:56:Infinity":30,"f:56:24:56:31":4,"s:56:31:56:52":31,"s:57:12:57:Infinity":32,"s:58:12:58:Infinity":33,"b:60:12:62:Infinity:undefined:undefined:undefined:undefined":4,"s:60:12:62:Infinity":34,"s:61:16:61:Infinity":35,"s:64:12:64:Infinity":36,"s:65:12:65:Infinity":37,"s:70:26:93:Infinity":38,"f:70:26:70:33":5,"s:71:2:92:Infinity":39,"s:72:17:72:Infinity":40,"s:73:18:73:Infinity":41,"s:75:16:80:Infinity":42,"b:82:4:82:Infinity:undefined:undefined:undefined:undefined":5,"s:82:4:82:Infinity":43,"s:82:17:82:Infinity":44,"s:85:4:85:Infinity":45,"f:85:16:85:24":6,"s:85:24:85:61":46,"f:85:36:85:41":7,"s:85:41:85:60":47,"s:87:4:87:Infinity":48,"s:90:4:90:Infinity":49,"s:91:4:91:Infinity":50,"s:97:24:122:Infinity":51,"f:97:24:97:31":8,"s:98:15:98:Infinity":52,"b:99:2:102:Infinity:undefined:undefined:undefined:undefined":6,"s:99:2:102:Infinity":53,"s:100:4:100:Infinity":54,"s:101:4:101:Infinity":55,"s:103:2:121:Infinity":56,"s:104:27:104:Infinity":57,"s:106:4:108:Infinity":58,"f:106:16:106:24":9,"s:106:24:108:5":59,"f:106:33:106:Infinity":10,"s:107:6:107:Infinity":60,"b:107:34:107:51:107:51:107:Infinity":7,"s:111:4:111:Infinity":61,"f:111:17:111:26":11,"s:111:26:111:55":62,"s:112:4:112:Infinity":63,"b:115:4:117:Infinity:undefined:undefined:undefined:undefined":8,"s:115:4:117:Infinity":64,"s:116:6:116:Infinity":65,"f:116:20:116:33":12,"s:116:33:116:46":66,"s:119:4:119:Infinity":67,"s:120:4:120:Infinity":68,"s:125:24:153:Infinity":69,"f:125:24:125:31":13,"s:126:2:152:Infinity":70,"s:127:17:127:Infinity":71,"s:128:18:128:Infinity":72,"s:130:16:135:Infinity":73,"b:137:4:137:Infinity:undefined:undefined:undefined:undefined":9,"s:137:4:137:Infinity":74,"s:137:17:137:Infinity":75,"s:140:4:146:Infinity":76,"f:140:16:140:Infinity":14,"s:141:6:145:Infinity":77,"f:141:23:141:Infinity":15,"s:142:8:144:Infinity":78,"b:143:12:143:Infinity:144:12:144:Infinity":10,"f:143:58:143:63":16,"s:143:63:143:80":79,"s:147:4:147:Infinity":80,"s:150:4:150:Infinity":81,"s:151:4:151:Infinity":82,"s:155:4:299:Infinity":83,"b:159:9:159:Infinity:160:12:297:Infinity":11,"f:168:30:168:31":17,"s:168:37:168:Infinity":84,"f:169:32:169:33":18,"s:169:39:169:Infinity":85,"b:169:39:169:60:169:60:169:Infinity":12,"b:180:28:186:Infinity:188:28:294:Infinity":13,"b:190:32:190:Infinity:192:32:292:Infinity":14,"f:192:46:192:47":19,"s:193:36:291:Infinity":86,"b:197:49:197:80:197:80:197:94":15,"f:215:57:215:Infinity":20,"s:216:52:216:Infinity":87,"f:216:70:216:79":21,"s:216:79:216:126":88,"b:223:49:223:Infinity:224:48:229:Infinity":16,"f:226:61:226:67":22,"s:226:67:226:Infinity":89,"b:234:49:234:Infinity:235:52:249:Infinity":17,"f:239:66:239:67":23,"s:239:73:240:Infinity":90,"f:239:86:239:95":24,"s:239:95:240:88":91,"f:241:69:241:70":25,"s:241:76:241:Infinity":92,"b:241:76:241:97:241:97:241:Infinity":18,"f:244:74:244:78":26,"s:244:78:244:Infinity":93,"b:253:49:253:Infinity:254:52:286:Infinity":19,"f:255:75:255:76":27,"s:257:56:282:Infinity":94,"b:258:66:258:95:258:95:258:Infinity":20,"b:268:69:268:101:268:101:268:Infinity":21,"b:274:57:274:Infinity:275:60:280:Infinity":22,"f:276:69:276:75":28,"s:276:75:276:Infinity":95}}}
,"/workspaces/ArtScape/client/src/components/DropdownMenu.jsx": {"path":"/workspaces/ArtScape/client/src/components/DropdownMenu.jsx","statementMap":{"0":{"start":{"line":4,"column":8},"end":{"line":4,"column":null}},"1":{"start":{"line":5,"column":2},"end":{"line":25,"column":null}},"2":{"start":{"line":6,"column":4},"end":{"line":6,"column":null}},"3":{"start":{"line":6,"column":15},"end":{"line":6,"column":null}},"4":{"start":{"line":8,"column":6},"end":{"line":14,"column":null}},"5":{"start":{"line":13,"column":8},"end":{"line":13,"column":null}},"6":{"start":{"line":17,"column":6},"end":{"line":17,"column":null}},"7":{"start":{"line":17,"column":30},"end":{"line":17,"column":null}},"8":{"start":{"line":19,"column":4},"end":{"line":19,"column":null}},"9":{"start":{"line":20,"column":4},"end":{"line":20,"column":null}},"10":{"start":{"line":21,"column":4},"end":{"line":24,"column":null}},"11":{"start":{"line":22,"column":6},"end":{"line":22,"column":null}},"12":{"start":{"line":23,"column":6},"end":{"line":23,"column":null}},"13":{"start":{"line":27,"column":2},"end":{"line":27,"column":null}},"14":{"start":{"line":27,"column":13},"end":{"line":27,"column":null}},"15":{"start":{"line":29,"column":2},"end":{"line":36,"column":null}}},"fnMap":{"0":{"name":"DropdownMenu","decl":{"start":{"line":3,"column":24},"end":{"line":3,"column":37}},"loc":{"start":{"line":3,"column":94},"end":{"line":38,"column":null}},"line":3},"1":{"name":"(anonymous_1)","decl":{"start":{"line":5,"column":12},"end":{"line":5,"column":18}},"loc":{"start":{"line":5,"column":18},"end":{"line":25,"column":5}},"line":5},"2":{"name":"handleClick","decl":{"start":{"line":7,"column":13},"end":{"line":7,"column":25}},"loc":{"start":{"line":7,"column":28},"end":{"line":15,"column":null}},"line":7},"3":{"name":"handleEsc","decl":{"start":{"line":16,"column":13},"end":{"line":16,"column":23}},"loc":{"start":{"line":16,"column":26},"end":{"line":18,"column":null}},"line":16},"4":{"name":"(anonymous_4)","decl":{"start":{"line":21,"column":11},"end":{"line":21,"column":17}},"loc":{"start":{"line":21,"column":17},"end":{"line":24,"column":null}},"line":21}},"branchMap":{"0":{"loc":{"start":{"line":3,"column":76},"end":{"line":3,"column":91}},"type":"default-arg","locations":[{"start":{"line":3,"column":88},"end":{"line":3,"column":91}}],"line":3},"1":{"loc":{"start":{"line":6,"column":4},"end":{"line":6,"column":null}},"type":"if","locations":[{"start":{"line":6,"column":4},"end":{"line":6,"column":null}},{"start":{},"end":{}}],"line":6},"2":{"loc":{"start":{"line":8,"column":6},"end":{"line":14,"column":null}},"type":"if","locations":[{"start":{"line":8,"column":6},"end":{"line":14,"column":null}},{"start":{},"end":{}}],"line":8},"3":{"loc":{"start":{"line":9,"column":8},"end":{"line":11,"column":null}},"type":"binary-expr","locations":[{"start":{"line":9,"column":8},"end":{"line":9,"column":null}},{"start":{"line":10,"column":8},"end":{"line":10,"column":null}},{"start":{"line":11,"column":9},"end":{"line":11,"column":33}},{"start":{"line":11,"column":33},"end":{"line":11,"column":null}}],"line":9},"4":{"loc":{"start":{"line":17,"column":6},"end":{"line":17,"column":null}},"type":"if","locations":[{"start":{"line":17,"column":6},"end":{"line":17,"column":null}},{"start":{},"end":{}}],"line":17},"5":{"loc":{"start":{"line":27,"column":2},"end":{"line":27,"column":null}},"type":"if","locations":[{"start":{"line":27,"column":2},"end":{"line":27,"column":null}},{"start":{},"end":{}}],"line":27}},"s":{"0":2,"1":2,"2":2,"3":1,"4":0,"5":0,"6":0,"7":0,"8":1,"9":1,"10":1,"11":1,"12":1,"13":2,"14":1,"15":1},"f":{"0":2,"1":2,"2":0,"3":0,"4":1},"b":{"0":[2],"1":[1,1],"2":[0,0],"3":[0,0,0,0],"4":[0,0],"5":[1,1]},"meta":{"lastBranch":6,"lastFunction":5,"lastStatement":16,"seen":{"f:3:24:3:37":0,"b:3:88:3:91":0,"s:4:8:4:Infinity":0,"s:5:2:25:Infinity":1,"f:5:12:5:18":1,"b:6:4:6:Infinity:undefined:undefined:undefined:undefined":1,"s:6:4:6:Infinity":2,"s:6:15:6:Infinity":3,"f:7:13:7:25":2,"b:8:6:14:Infinity:undefined:undefined:undefined:undefined":2,"s:8:6:14:Infinity":4,"b:9:8:9:Infinity:10:8:10:Infinity:11:9:11:33:11:33:11:Infinity":3,"s:13:8:13:Infinity":5,"f:16:13:16:23":3,"b:17:6:17:Infinity:undefined:undefined:undefined:undefined":4,"s:17:6:17:Infinity":6,"s:17:30:17:Infinity":7,"s:19:4:19:Infinity":8,"s:20:4:20:Infinity":9,"s:21:4:24:Infinity":10,"f:21:11:21:17":4,"s:22:6:22:Infinity":11,"s:23:6:23:Infinity":12,"b:27:2:27:Infinity:undefined:undefined:undefined:undefined":5,"s:27:2:27:Infinity":13,"s:27:13:27:Infinity":14,"s:29:2:36:Infinity":15}}}
,"/workspaces/ArtScape/client/src/components/ImageUploader.jsx": {"path":"/workspaces/ArtScape/client/src/components/ImageUploader.jsx","statementMap":{"0":{"start":{"line":6,"column":10},"end":{"line":6,"column":null}},"1":{"start":{"line":7,"column":34},"end":{"line":7,"column":null}},"2":{"start":{"line":9,"column":29},"end":{"line":35,"column":null}},"3":{"start":{"line":10,"column":21},"end":{"line":10,"column":null}},"4":{"start":{"line":11,"column":8},"end":{"line":11,"column":null}},"5":{"start":{"line":11,"column":19},"end":{"line":11,"column":null}},"6":{"start":{"line":13,"column":8},"end":{"line":13,"column":null}},"7":{"start":{"line":15,"column":25},"end":{"line":15,"column":null}},"8":{"start":{"line":16,"column":8},"end":{"line":16,"column":null}},"9":{"start":{"line":17,"column":8},"end":{"line":17,"column":null}},"10":{"start":{"line":18,"column":8},"end":{"line":18,"column":null}},"11":{"start":{"line":20,"column":8},"end":{"line":34,"column":null}},"12":{"start":{"line":21,"column":24},"end":{"line":24,"column":null}},"13":{"start":{"line":26,"column":25},"end":{"line":26,"column":null}},"14":{"start":{"line":27,"column":12},"end":{"line":27,"column":null}},"15":{"start":{"line":30,"column":12},"end":{"line":30,"column":null}},"16":{"start":{"line":31,"column":12},"end":{"line":31,"column":null}},"17":{"start":{"line":33,"column":12},"end":{"line":33,"column":null}},"18":{"start":{"line":36,"column":4},"end":{"line":55,"column":null}},"19":{"start":{"line":38,"column":34},"end":{"line":38,"column":64}}},"fnMap":{"0":{"name":"ImageUploader","decl":{"start":{"line":4,"column":9},"end":{"line":4,"column":23}},"loc":{"start":{"line":4,"column":40},"end":{"line":57,"column":null}},"line":4},"1":{"name":"(anonymous_1)","decl":{"start":{"line":9,"column":29},"end":{"line":9,"column":36}},"loc":{"start":{"line":9,"column":42},"end":{"line":35,"column":null}},"line":9},"2":{"name":"(anonymous_2)","decl":{"start":{"line":38,"column":29},"end":{"line":38,"column":34}},"loc":{"start":{"line":38,"column":34},"end":{"line":38,"column":64}},"line":38}},"branchMap":{"0":{"loc":{"start":{"line":11,"column":8},"end":{"line":11,"column":null}},"type":"if","locations":[{"start":{"line":11,"column":8},"end":{"line":11,"column":null}},{"start":{},"end":{}}],"line":11},"1":{"loc":{"start":{"line":49,"column":9},"end":{"line":52,"column":null}},"type":"binary-expr","locations":[{"start":{"line":49,"column":9},"end":{"line":49,"column":null}},{"start":{"line":50,"column":12},"end":{"line":52,"column":null}}],"line":49}},"s":{"0":5,"1":5,"2":5,"3":1,"4":1,"5":0,"6":1,"7":1,"8":1,"9":1,"10":1,"11":1,"12":1,"13":1,"14":1,"15":0,"16":0,"17":1,"18":5,"19":0},"f":{"0":5,"1":1,"2":0},"b":{"0":[0,1],"1":[5,1]},"meta":{"lastBranch":2,"lastFunction":3,"lastStatement":20,"seen":{"f:4:9:4:23":0,"s:6:10:6:Infinity":0,"s:7:34:7:Infinity":1,"s:9:29:35:Infinity":2,"f:9:29:9:36":1,"s:10:21:10:Infinity":3,"b:11:8:11:Infinity:undefined:undefined:undefined:undefined":0,"s:11:8:11:Infinity":4,"s:11:19:11:Infinity":5,"s:13:8:13:Infinity":6,"s:15:25:15:Infinity":7,"s:16:8:16:Infinity":8,"s:17:8:17:Infinity":9,"s:18:8:18:Infinity":10,"s:20:8:34:Infinity":11,"s:21:24:24:Infinity":12,"s:26:25:26:Infinity":13,"s:27:12:27:Infinity":14,"s:30:12:30:Infinity":15,"s:31:12:31:Infinity":16,"s:33:12:33:Infinity":17,"s:36:4:55:Infinity":18,"f:38:29:38:34":2,"s:38:34:38:64":19,"b:49:9:49:Infinity:50:12:52:Infinity":1}}}
,"/workspaces/ArtScape/client/src/components/Navbar.jsx": {"path":"/workspaces/ArtScape/client/src/components/Navbar.jsx","statementMap":{"0":{"start":{"line":9,"column":15},"end":{"line":596,"column":null}},"1":{"start":{"line":10,"column":8},"end":{"line":10,"column":null}},"2":{"start":{"line":11,"column":8},"end":{"line":11,"column":null}},"3":{"start":{"line":12,"column":26},"end":{"line":12,"column":null}},"4":{"start":{"line":13,"column":50},"end":{"line":13,"column":null}},"5":{"start":{"line":14,"column":52},"end":{"line":14,"column":null}},"6":{"start":{"line":15,"column":48},"end":{"line":15,"column":null}},"7":{"start":{"line":16,"column":8},"end":{"line":16,"column":null}},"8":{"start":{"line":17,"column":8},"end":{"line":17,"column":null}},"9":{"start":{"line":20,"column":49},"end":{"line":20,"column":null}},"10":{"start":{"line":23,"column":26},"end":{"line":23,"column":null}},"11":{"start":{"line":24,"column":20},"end":{"line":24,"column":null}},"12":{"start":{"line":27,"column":33},"end":{"line":68,"column":null}},"13":{"start":{"line":29,"column":4},"end":{"line":32,"column":null}},"14":{"start":{"line":30,"column":6},"end":{"line":30,"column":null}},"15":{"start":{"line":31,"column":6},"end":{"line":31,"column":null}},"16":{"start":{"line":34,"column":4},"end":{"line":67,"column":null}},"17":{"start":{"line":35,"column":18},"end":{"line":42,"column":null}},"18":{"start":{"line":45,"column":6},"end":{"line":48,"column":null}},"19":{"start":{"line":46,"column":8},"end":{"line":46,"column":null}},"20":{"start":{"line":47,"column":8},"end":{"line":47,"column":null}},"21":{"start":{"line":51,"column":17},"end":{"line":51,"column":null}},"22":{"start":{"line":52,"column":6},"end":{"line":56,"column":null}},"23":{"start":{"line":53,"column":8},"end":{"line":53,"column":null}},"24":{"start":{"line":55,"column":8},"end":{"line":55,"column":null}},"25":{"start":{"line":59,"column":26},"end":{"line":61,"column":null}},"26":{"start":{"line":60,"column":32},"end":{"line":60,"column":51}},"27":{"start":{"line":64,"column":6},"end":{"line":64,"column":null}},"28":{"start":{"line":66,"column":6},"end":{"line":66,"column":null}},"29":{"start":{"line":72,"column":22},"end":{"line":76,"column":null}},"30":{"start":{"line":82,"column":23},"end":{"line":86,"column":null}},"31":{"start":{"line":83,"column":4},"end":{"line":83,"column":null}},"32":{"start":{"line":84,"column":4},"end":{"line":84,"column":null}},"33":{"start":{"line":85,"column":4},"end":{"line":85,"column":null}},"34":{"start":{"line":90,"column":21},"end":{"line":90,"column":null}},"35":{"start":{"line":90,"column":27},"end":{"line":90,"column":null}},"36":{"start":{"line":92,"column":26},"end":{"line":104,"column":null}},"37":{"start":{"line":108,"column":2},"end":{"line":110,"column":null}},"38":{"start":{"line":109,"column":4},"end":{"line":109,"column":null}},"39":{"start":{"line":113,"column":2},"end":{"line":125,"column":null}},"40":{"start":{"line":114,"column":36},"end":{"line":117,"column":null}},"41":{"start":{"line":116,"column":6},"end":{"line":116,"column":null}},"42":{"start":{"line":119,"column":4},"end":{"line":119,"column":null}},"43":{"start":{"line":122,"column":4},"end":{"line":124,"column":null}},"44":{"start":{"line":123,"column":6},"end":{"line":123,"column":null}},"45":{"start":{"line":129,"column":2},"end":{"line":594,"column":null}},"46":{"start":{"line":163,"column":14},"end":{"line":241,"column":null}},"47":{"start":{"line":174,"column":36},"end":{"line":174,"column":null}},"48":{"start":{"line":175,"column":36},"end":{"line":175,"column":null}},"49":{"start":{"line":181,"column":43},"end":{"line":181,"column":null}},"50":{"start":{"line":182,"column":20},"end":{"line":184,"column":null}},"51":{"start":{"line":189,"column":43},"end":{"line":189,"column":null}},"52":{"start":{"line":190,"column":20},"end":{"line":201,"column":null}},"53":{"start":{"line":224,"column":26},"end":{"line":234,"column":null}},"54":{"start":{"line":294,"column":40},"end":{"line":294,"column":null}},"55":{"start":{"line":295,"column":40},"end":{"line":295,"column":null}},"56":{"start":{"line":300,"column":37},"end":{"line":300,"column":null}},"57":{"start":{"line":308,"column":28},"end":{"line":308,"column":null}},"58":{"start":{"line":415,"column":22},"end":{"line":415,"column":null}},"59":{"start":{"line":416,"column":22},"end":{"line":416,"column":null}},"60":{"start":{"line":425,"column":26},"end":{"line":425,"column":null}},"61":{"start":{"line":431,"column":35},"end":{"line":431,"column":null}},"62":{"start":{"line":452,"column":30},"end":{"line":452,"column":null}},"63":{"start":{"line":453,"column":30},"end":{"line":453,"column":null}},"64":{"start":{"line":463,"column":30},"end":{"line":463,"column":null}},"65":{"start":{"line":464,"column":30},"end":{"line":464,"column":null}},"66":{"start":{"line":474,"column":30},"end":{"line":474,"column":null}},"67":{"start":{"line":475,"column":30},"end":{"line":475,"column":null}},"68":{"start":{"line":485,"column":30},"end":{"line":485,"column":null}},"69":{"start":{"line":486,"column":30},"end":{"line":486,"column":null}},"70":{"start":{"line":557,"column":12},"end":{"line":590,"column":null}},"71":{"start":{"line":568,"column":18},"end":{"line":569,"column":null}},"72":{"start":{"line":579,"column":20},"end":{"line":586,"column":null}}},"fnMap":{"0":{"name":"(anonymous_0)","decl":{"start":{"line":9,"column":15},"end":{"line":9,"column":21}},"loc":{"start":{"line":9,"column":21},"end":{"line":596,"column":null}},"line":9},"1":{"name":"(anonymous_1)","decl":{"start":{"line":27,"column":33},"end":{"line":27,"column":45}},"loc":{"start":{"line":27,"column":45},"end":{"line":68,"column":null}},"line":27},"2":{"name":"(anonymous_2)","decl":{"start":{"line":60,"column":22},"end":{"line":60,"column":23}},"loc":{"start":{"line":60,"column":32},"end":{"line":60,"column":51}},"line":60},"3":{"name":"(anonymous_3)","decl":{"start":{"line":82,"column":23},"end":{"line":82,"column":35}},"loc":{"start":{"line":82,"column":35},"end":{"line":86,"column":null}},"line":82},"4":{"name":"(anonymous_4)","decl":{"start":{"line":90,"column":21},"end":{"line":90,"column":27}},"loc":{"start":{"line":90,"column":27},"end":{"line":90,"column":null}},"line":90},"5":{"name":"(anonymous_5)","decl":{"start":{"line":108,"column":12},"end":{"line":108,"column":18}},"loc":{"start":{"line":108,"column":18},"end":{"line":110,"column":5}},"line":108},"6":{"name":"(anonymous_6)","decl":{"start":{"line":113,"column":12},"end":{"line":113,"column":18}},"loc":{"start":{"line":113,"column":18},"end":{"line":125,"column":5}},"line":113},"7":{"name":"(anonymous_7)","decl":{"start":{"line":114,"column":36},"end":{"line":114,"column":42}},"loc":{"start":{"line":114,"column":42},"end":{"line":117,"column":null}},"line":114},"8":{"name":"(anonymous_8)","decl":{"start":{"line":122,"column":11},"end":{"line":122,"column":17}},"loc":{"start":{"line":122,"column":17},"end":{"line":124,"column":null}},"line":122},"9":{"name":"(anonymous_9)","decl":{"start":{"line":162,"column":33},"end":{"line":162,"column":34}},"loc":{"start":{"line":163,"column":14},"end":{"line":241,"column":null}},"line":163},"10":{"name":"(anonymous_10)","decl":{"start":{"line":174,"column":30},"end":{"line":174,"column":36}},"loc":{"start":{"line":174,"column":36},"end":{"line":174,"column":null}},"line":174},"11":{"name":"(anonymous_11)","decl":{"start":{"line":175,"column":30},"end":{"line":175,"column":36}},"loc":{"start":{"line":175,"column":36},"end":{"line":175,"column":null}},"line":175},"12":{"name":"(anonymous_12)","decl":{"start":{"line":179,"column":29},"end":{"line":179,"column":30}},"loc":{"start":{"line":179,"column":47},"end":{"line":185,"column":null}},"line":179},"13":{"name":"(anonymous_13)","decl":{"start":{"line":187,"column":19},"end":{"line":187,"column":20}},"loc":{"start":{"line":187,"column":37},"end":{"line":203,"column":null}},"line":187},"14":{"name":"(anonymous_14)","decl":{"start":{"line":223,"column":42},"end":{"line":223,"column":43}},"loc":{"start":{"line":224,"column":26},"end":{"line":234,"column":null}},"line":224},"15":{"name":"(anonymous_15)","decl":{"start":{"line":294,"column":34},"end":{"line":294,"column":40}},"loc":{"start":{"line":294,"column":40},"end":{"line":294,"column":null}},"line":294},"16":{"name":"(anonymous_16)","decl":{"start":{"line":295,"column":34},"end":{"line":295,"column":40}},"loc":{"start":{"line":295,"column":40},"end":{"line":295,"column":null}},"line":295},"17":{"name":"(anonymous_17)","decl":{"start":{"line":300,"column":31},"end":{"line":300,"column":37}},"loc":{"start":{"line":300,"column":37},"end":{"line":300,"column":null}},"line":300},"18":{"name":"(anonymous_18)","decl":{"start":{"line":307,"column":35},"end":{"line":307,"column":36}},"loc":{"start":{"line":307,"column":42},"end":{"line":309,"column":null}},"line":307},"19":{"name":"(anonymous_19)","decl":{"start":{"line":414,"column":29},"end":{"line":414,"column":35}},"loc":{"start":{"line":414,"column":35},"end":{"line":417,"column":null}},"line":414},"20":{"name":"(anonymous_20)","decl":{"start":{"line":424,"column":33},"end":{"line":424,"column":34}},"loc":{"start":{"line":424,"column":40},"end":{"line":426,"column":null}},"line":424},"21":{"name":"(anonymous_21)","decl":{"start":{"line":431,"column":29},"end":{"line":431,"column":35}},"loc":{"start":{"line":431,"column":35},"end":{"line":431,"column":null}},"line":431},"22":{"name":"(anonymous_22)","decl":{"start":{"line":451,"column":37},"end":{"line":451,"column":43}},"loc":{"start":{"line":451,"column":43},"end":{"line":454,"column":null}},"line":451},"23":{"name":"(anonymous_23)","decl":{"start":{"line":462,"column":37},"end":{"line":462,"column":43}},"loc":{"start":{"line":462,"column":43},"end":{"line":465,"column":null}},"line":462},"24":{"name":"(anonymous_24)","decl":{"start":{"line":473,"column":37},"end":{"line":473,"column":43}},"loc":{"start":{"line":473,"column":43},"end":{"line":476,"column":null}},"line":473},"25":{"name":"(anonymous_25)","decl":{"start":{"line":484,"column":37},"end":{"line":484,"column":43}},"loc":{"start":{"line":484,"column":43},"end":{"line":487,"column":null}},"line":484},"26":{"name":"(anonymous_26)","decl":{"start":{"line":556,"column":31},"end":{"line":556,"column":32}},"loc":{"start":{"line":557,"column":12},"end":{"line":590,"column":null}},"line":557},"27":{"name":"(anonymous_27)","decl":{"start":{"line":567,"column":27},"end":{"line":567,"column":28}},"loc":{"start":{"line":568,"column":18},"end":{"line":569,"column":null}},"line":568},"28":{"name":"(anonymous_28)","decl":{"start":{"line":578,"column":36},"end":{"line":578,"column":37}},"loc":{"start":{"line":579,"column":20},"end":{"line":586,"column":null}},"line":579}},"branchMap":{"0":{"loc":{"start":{"line":23,"column":26},"end":{"line":23,"column":null}},"type":"binary-expr","locations":[{"start":{"line":23,"column":26},"end":{"line":23,"column":66}},{"start":{"line":23,"column":66},"end":{"line":23,"column":102}},{"start":{"line":23,"column":102},"end":{"line":23,"column":null}}],"line":23},"1":{"loc":{"start":{"line":29,"column":4},"end":{"line":32,"column":null}},"type":"if","locations":[{"start":{"line":29,"column":4},"end":{"line":32,"column":null}},{"start":{},"end":{}}],"line":29},"2":{"loc":{"start":{"line":29,"column":8},"end":{"line":29,"column":42}},"type":"binary-expr","locations":[{"start":{"line":29,"column":8},"end":{"line":29,"column":28}},{"start":{"line":29,"column":28},"end":{"line":29,"column":42}}],"line":29},"3":{"loc":{"start":{"line":45,"column":6},"end":{"line":48,"column":null}},"type":"if","locations":[{"start":{"line":45,"column":6},"end":{"line":48,"column":null}},{"start":{},"end":{}}],"line":45},"4":{"loc":{"start":{"line":59,"column":26},"end":{"line":61,"column":null}},"type":"cond-expr","locations":[{"start":{"line":60,"column":10},"end":{"line":60,"column":null}},{"start":{"line":61,"column":10},"end":{"line":61,"column":null}}],"line":59},"5":{"loc":{"start":{"line":72,"column":22},"end":{"line":76,"column":null}},"type":"cond-expr","locations":[{"start":{"line":73,"column":4},"end":{"line":75,"column":null}},{"start":{"line":76,"column":4},"end":{"line":76,"column":null}}],"line":72},"6":{"loc":{"start":{"line":73,"column":4},"end":{"line":75,"column":null}},"type":"cond-expr","locations":[{"start":{"line":74,"column":6},"end":{"line":74,"column":null}},{"start":{"line":75,"column":6},"end":{"line":75,"column":null}}],"line":73},"7":{"loc":{"start":{"line":75,"column":18},"end":{"line":75,"column":37}},"type":"binary-expr","locations":[{"start":{"line":75,"column":18},"end":{"line":75,"column":29}},{"start":{"line":75,"column":29},"end":{"line":75,"column":37}}],"line":75},"8":{"loc":{"start":{"line":133,"column":12},"end":{"line":133,"column":76}},"type":"cond-expr","locations":[{"start":{"line":133,"column":21},"end":{"line":133,"column":50}},{"start":{"line":133,"column":50},"end":{"line":133,"column":76}}],"line":133},"9":{"loc":{"start":{"line":153,"column":20},"end":{"line":153,"column":56}},"type":"cond-expr","locations":[{"start":{"line":153,"column":29},"end":{"line":153,"column":44}},{"start":{"line":153,"column":44},"end":{"line":153,"column":56}}],"line":153},"10":{"loc":{"start":{"line":174,"column":36},"end":{"line":174,"column":null}},"type":"binary-expr","locations":[{"start":{"line":174,"column":36},"end":{"line":174,"column":52}},{"start":{"line":174,"column":52},"end":{"line":174,"column":null}}],"line":174},"11":{"loc":{"start":{"line":175,"column":36},"end":{"line":175,"column":null}},"type":"binary-expr","locations":[{"start":{"line":175,"column":36},"end":{"line":175,"column":52}},{"start":{"line":175,"column":52},"end":{"line":175,"column":null}}],"line":175},"12":{"loc":{"start":{"line":181,"column":43},"end":{"line":181,"column":null}},"type":"cond-expr","locations":[{"start":{"line":181,"column":69},"end":{"line":181,"column":87}},{"start":{"line":181,"column":87},"end":{"line":181,"column":null}}],"line":181},"13":{"loc":{"start":{"line":182,"column":30},"end":{"line":182,"column":66}},"type":"cond-expr","locations":[{"start":{"line":182,"column":39},"end":{"line":182,"column":54}},{"start":{"line":182,"column":54},"end":{"line":182,"column":66}}],"line":182},"14":{"loc":{"start":{"line":184,"column":23},"end":{"line":184,"column":64}},"type":"cond-expr","locations":[{"start":{"line":184,"column":41},"end":{"line":184,"column":62}},{"start":{"line":184,"column":62},"end":{"line":184,"column":64}}],"line":184},"15":{"loc":{"start":{"line":189,"column":43},"end":{"line":189,"column":null}},"type":"cond-expr","locations":[{"start":{"line":189,"column":69},"end":{"line":189,"column":87}},{"start":{"line":189,"column":87},"end":{"line":189,"column":null}}],"line":189},"16":{"loc":{"start":{"line":193,"column":25},"end":{"line":199,"column":null}},"type":"binary-expr","locations":[{"start":{"line":193,"column":25},"end":{"line":193,"column":null}},{"start":{"line":194,"column":26},"end":{"line":199,"column":null}}],"line":193},"17":{"loc":{"start":{"line":196,"column":32},"end":{"line":196,"column":64}},"type":"cond-expr","locations":[{"start":{"line":196,"column":41},"end":{"line":196,"column":54}},{"start":{"line":196,"column":54},"end":{"line":196,"column":64}}],"line":196},"18":{"loc":{"start":{"line":207,"column":17},"end":{"line":239,"column":null}},"type":"binary-expr","locations":[{"start":{"line":207,"column":17},"end":{"line":207,"column":null}},{"start":{"line":208,"column":18},"end":{"line":239,"column":null}}],"line":207},"19":{"loc":{"start":{"line":209,"column":21},"end":{"line":236,"column":null}},"type":"binary-expr","locations":[{"start":{"line":209,"column":21},"end":{"line":209,"column":null}},{"start":{"line":210,"column":22},"end":{"line":236,"column":null}}],"line":209},"20":{"loc":{"start":{"line":257,"column":13},"end":{"line":377,"column":null}},"type":"cond-expr","locations":[{"start":{"line":259,"column":14},"end":{"line":360,"column":null}},{"start":{"line":363,"column":14},"end":{"line":377,"column":null}}],"line":257},"21":{"loc":{"start":{"line":262,"column":72},"end":{"line":262,"column":108}},"type":"cond-expr","locations":[{"start":{"line":262,"column":81},"end":{"line":262,"column":96}},{"start":{"line":262,"column":96},"end":{"line":262,"column":108}}],"line":262},"22":{"loc":{"start":{"line":266,"column":21},"end":{"line":269,"column":null}},"type":"binary-expr","locations":[{"start":{"line":266,"column":21},"end":{"line":266,"column":null}},{"start":{"line":267,"column":22},"end":{"line":269,"column":null}}],"line":266},"23":{"loc":{"start":{"line":276,"column":81},"end":{"line":276,"column":117}},"type":"cond-expr","locations":[{"start":{"line":276,"column":90},"end":{"line":276,"column":105}},{"start":{"line":276,"column":105},"end":{"line":276,"column":117}}],"line":276},"24":{"loc":{"start":{"line":279,"column":19},"end":{"line":282,"column":null}},"type":"binary-expr","locations":[{"start":{"line":279,"column":19},"end":{"line":279,"column":null}},{"start":{"line":280,"column":20},"end":{"line":282,"column":null}}],"line":279},"25":{"loc":{"start":{"line":286,"column":35},"end":{"line":286,"column":71}},"type":"cond-expr","locations":[{"start":{"line":286,"column":44},"end":{"line":286,"column":59}},{"start":{"line":286,"column":59},"end":{"line":286,"column":71}}],"line":286},"26":{"loc":{"start":{"line":290,"column":17},"end":{"line":358,"column":null}},"type":"binary-expr","locations":[{"start":{"line":290,"column":17},"end":{"line":290,"column":null}},{"start":{"line":291,"column":18},"end":{"line":358,"column":null}}],"line":290},"27":{"loc":{"start":{"line":304,"column":31},"end":{"line":304,"column":null}},"type":"binary-expr","locations":[{"start":{"line":304,"column":31},"end":{"line":304,"column":52}},{"start":{"line":304,"column":52},"end":{"line":304,"column":67}},{"start":{"line":304,"column":67},"end":{"line":304,"column":null}}],"line":304},"28":{"loc":{"start":{"line":305,"column":31},"end":{"line":305,"column":null}},"type":"binary-expr","locations":[{"start":{"line":305,"column":31},"end":{"line":305,"column":44}},{"start":{"line":305,"column":44},"end":{"line":305,"column":null}}],"line":305},"29":{"loc":{"start":{"line":316,"column":23},"end":{"line":355,"column":null}},"type":"binary-expr","locations":[{"start":{"line":316,"column":23},"end":{"line":316,"column":null}},{"start":{"line":317,"column":24},"end":{"line":355,"column":null}}],"line":316},"30":{"loc":{"start":{"line":370,"column":22},"end":{"line":372,"column":null}},"type":"cond-expr","locations":[{"start":{"line":371,"column":24},"end":{"line":371,"column":null}},{"start":{"line":372,"column":24},"end":{"line":372,"column":null}}],"line":370},"31":{"loc":{"start":{"line":384,"column":13},"end":{"line":513,"column":null}},"type":"cond-expr","locations":[{"start":{"line":386,"column":14},"end":{"line":498,"column":null}},{"start":{"line":501,"column":14},"end":{"line":513,"column":null}}],"line":384},"32":{"loc":{"start":{"line":389,"column":36},"end":{"line":389,"column":72}},"type":"cond-expr","locations":[{"start":{"line":389,"column":45},"end":{"line":389,"column":60}},{"start":{"line":389,"column":60},"end":{"line":389,"column":72}}],"line":389},"33":{"loc":{"start":{"line":396,"column":45},"end":{"line":396,"column":81}},"type":"cond-expr","locations":[{"start":{"line":396,"column":54},"end":{"line":396,"column":69}},{"start":{"line":396,"column":69},"end":{"line":396,"column":81}}],"line":396},"34":{"loc":{"start":{"line":399,"column":19},"end":{"line":402,"column":null}},"type":"binary-expr","locations":[{"start":{"line":399,"column":19},"end":{"line":399,"column":null}},{"start":{"line":400,"column":20},"end":{"line":402,"column":null}}],"line":399},"35":{"loc":{"start":{"line":406,"column":35},"end":{"line":406,"column":71}},"type":"cond-expr","locations":[{"start":{"line":406,"column":44},"end":{"line":406,"column":59}},{"start":{"line":406,"column":59},"end":{"line":406,"column":71}}],"line":406},"36":{"loc":{"start":{"line":413,"column":34},"end":{"line":413,"column":70}},"type":"cond-expr","locations":[{"start":{"line":413,"column":43},"end":{"line":413,"column":58}},{"start":{"line":413,"column":58},"end":{"line":413,"column":70}}],"line":413},"37":{"loc":{"start":{"line":421,"column":29},"end":{"line":421,"column":null}},"type":"binary-expr","locations":[{"start":{"line":421,"column":29},"end":{"line":421,"column":51}},{"start":{"line":421,"column":51},"end":{"line":421,"column":67}},{"start":{"line":421,"column":67},"end":{"line":421,"column":null}}],"line":421},"38":{"loc":{"start":{"line":422,"column":29},"end":{"line":422,"column":null}},"type":"binary-expr","locations":[{"start":{"line":422,"column":29},"end":{"line":422,"column":43}},{"start":{"line":422,"column":43},"end":{"line":422,"column":null}}],"line":422},"39":{"loc":{"start":{"line":432,"column":34},"end":{"line":432,"column":70}},"type":"cond-expr","locations":[{"start":{"line":432,"column":43},"end":{"line":432,"column":58}},{"start":{"line":432,"column":58},"end":{"line":432,"column":70}}],"line":432},"40":{"loc":{"start":{"line":440,"column":21},"end":{"line":494,"column":null}},"type":"binary-expr","locations":[{"start":{"line":440,"column":21},"end":{"line":440,"column":null}},{"start":{"line":441,"column":22},"end":{"line":494,"column":null}}],"line":440},"41":{"loc":{"start":{"line":506,"column":22},"end":{"line":508,"column":null}},"type":"cond-expr","locations":[{"start":{"line":507,"column":24},"end":{"line":507,"column":null}},{"start":{"line":508,"column":24},"end":{"line":508,"column":null}}],"line":506},"42":{"loc":{"start":{"line":532,"column":20},"end":{"line":532,"column":77}},"type":"cond-expr","locations":[{"start":{"line":532,"column":29},"end":{"line":532,"column":52}},{"start":{"line":532,"column":52},"end":{"line":532,"column":77}}],"line":532},"43":{"loc":{"start":{"line":536,"column":20},"end":{"line":536,"column":53}},"type":"cond-expr","locations":[{"start":{"line":536,"column":29},"end":{"line":536,"column":43}},{"start":{"line":536,"column":43},"end":{"line":536,"column":53}}],"line":536},"44":{"loc":{"start":{"line":540,"column":20},"end":{"line":540,"column":77}},"type":"cond-expr","locations":[{"start":{"line":540,"column":29},"end":{"line":540,"column":53}},{"start":{"line":540,"column":53},"end":{"line":540,"column":77}}],"line":540},"45":{"loc":{"start":{"line":550,"column":28},"end":{"line":550,"column":43}},"type":"cond-expr","locations":[{"start":{"line":550,"column":37},"end":{"line":550,"column":41}},{"start":{"line":550,"column":41},"end":{"line":550,"column":43}}],"line":550},"46":{"loc":{"start":{"line":552,"column":84},"end":{"line":552,"column":null}},"type":"cond-expr","locations":[{"start":{"line":552,"column":93},"end":{"line":552,"column":117}},{"start":{"line":552,"column":117},"end":{"line":552,"column":null}}],"line":552},"47":{"loc":{"start":{"line":560,"column":34},"end":{"line":560,"column":50}},"type":"cond-expr","locations":[{"start":{"line":560,"column":43},"end":{"line":560,"column":47}},{"start":{"line":560,"column":47},"end":{"line":560,"column":50}}],"line":560},"48":{"loc":{"start":{"line":560,"column":53},"end":{"line":560,"column":69}},"type":"cond-expr","locations":[{"start":{"line":560,"column":62},"end":{"line":560,"column":66}},{"start":{"line":560,"column":66},"end":{"line":560,"column":69}}],"line":560},"49":{"loc":{"start":{"line":561,"column":35},"end":{"line":561,"column":67}},"type":"cond-expr","locations":[{"start":{"line":561,"column":44},"end":{"line":561,"column":64}},{"start":{"line":561,"column":64},"end":{"line":561,"column":67}}],"line":561},"50":{"loc":{"start":{"line":569,"column":20},"end":{"line":569,"column":137}},"type":"cond-expr","locations":[{"start":{"line":569,"column":31},"end":{"line":569,"column":119}},{"start":{"line":569,"column":119},"end":{"line":569,"column":137}}],"line":569},"51":{"loc":{"start":{"line":576,"column":15},"end":{"line":588,"column":null}},"type":"binary-expr","locations":[{"start":{"line":576,"column":15},"end":{"line":576,"column":null}},{"start":{"line":577,"column":16},"end":{"line":588,"column":null}}],"line":576}},"s":{"0":1,"1":6,"2":6,"3":6,"4":6,"5":6,"6":6,"7":6,"8":6,"9":6,"10":6,"11":6,"12":6,"13":6,"14":5,"15":5,"16":1,"17":1,"18":1,"19":0,"20":0,"21":1,"22":1,"23":1,"24":0,"25":1,"26":0,"27":6,"28":0,"29":6,"30":6,"31":0,"32":0,"33":0,"34":6,"35":0,"36":6,"37":6,"38":6,"39":6,"40":6,"41":0,"42":6,"43":6,"44":6,"45":6,"46":24,"47":0,"48":0,"49":24,"50":24,"51":24,"52":24,"53":0,"54":0,"55":0,"56":0,"57":0,"58":0,"59":0,"60":0,"61":0,"62":0,"63":0,"64":0,"65":0,"66":0,"67":0,"68":0,"69":0,"70":24,"71":24,"72":12},"f":{"0":6,"1":6,"2":0,"3":0,"4":0,"5":6,"6":6,"7":0,"8":6,"9":24,"10":0,"11":0,"12":24,"13":24,"14":0,"15":0,"16":0,"17":0,"18":0,"19":0,"20":0,"21":0,"22":0,"23":0,"24":0,"25":0,"26":24,"27":24,"28":12},"b":{"0":[6,6,6],"1":[5,1],"2":[6,3],"3":[0,1],"4":[1,0],"5":[3,3],"6":[0,3],"7":[3,0],"8":[0,6],"9":[0,6],"10":[0,0],"11":[0,0],"12":[6,18],"13":[0,24],"14":[18,6],"15":[6,18],"16":[24,6],"17":[0,6],"18":[24,6],"19":[6,0],"20":[3,3],"21":[0,3],"22":[3,1],"23":[0,3],"24":[3,0],"25":[0,3],"26":[3,3],"27":[3,3,3],"28":[3,2],"29":[3,0],"30":[0,3],"31":[3,3],"32":[0,3],"33":[0,3],"34":[3,0],"35":[0,3],"36":[0,3],"37":[3,3,3],"38":[3,2],"39":[0,3],"40":[3,0],"41":[0,3],"42":[0,6],"43":[0,6],"44":[0,6],"45":[0,6],"46":[0,6],"47":[0,24],"48":[0,24],"49":[0,24],"50":[6,18],"51":[24,6]},"meta":{"lastBranch":52,"lastFunction":29,"lastStatement":73,"seen":{"s:9:15:596:Infinity":0,"f:9:15:9:21":0,"s:10:8:10:Infinity":1,"s:11:8:11:Infinity":2,"s:12:26:12:Infinity":3,"s:13:50:13:Infinity":4,"s:14:52:14:Infinity":5,"s:15:48:15:Infinity":6,"s:16:8:16:Infinity":7,"s:17:8:17:Infinity":8,"s:20:49:20:Infinity":9,"s:23:26:23:Infinity":10,"b:23:26:23:66:23:66:23:102:23:102:23:Infinity":0,"s:24:20:24:Infinity":11,"s:27:33:68:Infinity":12,"f:27:33:27:45":1,"b:29:4:32:Infinity:undefined:undefined:undefined:undefined":1,"s:29:4:32:Infinity":13,"b:29:8:29:28:29:28:29:42":2,"s:30:6:30:Infinity":14,"s:31:6:31:Infinity":15,"s:34:4:67:Infinity":16,"s:35:18:42:Infinity":17,"b:45:6:48:Infinity:undefined:undefined:undefined:undefined":3,"s:45:6:48:Infinity":18,"s:46:8:46:Infinity":19,"s:47:8:47:Infinity":20,"s:51:17:51:Infinity":21,"s:52:6:56:Infinity":22,"s:53:8:53:Infinity":23,"s:55:8:55:Infinity":24,"s:59:26:61:Infinity":25,"b:60:10:60:Infinity:61:10:61:Infinity":4,"f:60:22:60:23":2,"s:60:32:60:51":26,"s:64:6:64:Infinity":27,"s:66:6:66:Infinity":28,"s:72:22:76:Infinity":29,"b:73:4:75:Infinity:76:4:76:Infinity":5,"b:74:6:74:Infinity:75:6:75:Infinity":6,"b:75:18:75:29:75:29:75:37":7,"s:82:23:86:Infinity":30,"f:82:23:82:35":3,"s:83:4:83:Infinity":31,"s:84:4:84:Infinity":32,"s:85:4:85:Infinity":33,"s:90:21:90:Infinity":34,"f:90:21:90:27":4,"s:90:27:90:Infinity":35,"s:92:26:104:Infinity":36,"s:108:2:110:Infinity":37,"f:108:12:108:18":5,"s:109:4:109:Infinity":38,"s:113:2:125:Infinity":39,"f:113:12:113:18":6,"s:114:36:117:Infinity":40,"f:114:36:114:42":7,"s:116:6:116:Infinity":41,"s:119:4:119:Infinity":42,"s:122:4:124:Infinity":43,"f:122:11:122:17":8,"s:123:6:123:Infinity":44,"s:129:2:594:Infinity":45,"b:133:21:133:50:133:50:133:76":8,"b:153:29:153:44:153:44:153:56":9,"f:162:33:162:34":9,"s:163:14:241:Infinity":46,"f:174:30:174:36":10,"s:174:36:174:Infinity":47,"b:174:36:174:52:174:52:174:Infinity":10,"f:175:30:175:36":11,"s:175:36:175:Infinity":48,"b:175:36:175:52:175:52:175:Infinity":11,"f:179:29:179:30":12,"s:181:43:181:Infinity":49,"b:181:69:181:87:181:87:181:Infinity":12,"s:182:20:184:Infinity":50,"b:182:39:182:54:182:54:182:66":13,"b:184:41:184:62:184:62:184:64":14,"f:187:19:187:20":13,"s:189:43:189:Infinity":51,"b:189:69:189:87:189:87:189:Infinity":15,"s:190:20:201:Infinity":52,"b:193:25:193:Infinity:194:26:199:Infinity":16,"b:196:41:196:54:196:54:196:64":17,"b:207:17:207:Infinity:208:18:239:Infinity":18,"b:209:21:209:Infinity:210:22:236:Infinity":19,"f:223:42:223:43":14,"s:224:26:234:Infinity":53,"b:259:14:360:Infinity:363:14:377:Infinity":20,"b:262:81:262:96:262:96:262:108":21,"b:266:21:266:Infinity:267:22:269:Infinity":22,"b:276:90:276:105:276:105:276:117":23,"b:279:19:279:Infinity:280:20:282:Infinity":24,"b:286:44:286:59:286:59:286:71":25,"b:290:17:290:Infinity:291:18:358:Infinity":26,"f:294:34:294:40":15,"s:294:40:294:Infinity":54,"f:295:34:295:40":16,"s:295:40:295:Infinity":55,"f:300:31:300:37":17,"s:300:37:300:Infinity":56,"b:304:31:304:52:304:52:304:67:304:67:304:Infinity":27,"b:305:31:305:44:305:44:305:Infinity":28,"f:307:35:307:36":18,"s:308:28:308:Infinity":57,"b:316:23:316:Infinity:317:24:355:Infinity":29,"b:371:24:371:Infinity:372:24:372:Infinity":30,"b:386:14:498:Infinity:501:14:513:Infinity":31,"b:389:45:389:60:389:60:389:72":32,"b:396:54:396:69:396:69:396:81":33,"b:399:19:399:Infinity:400:20:402:Infinity":34,"b:406:44:406:59:406:59:406:71":35,"b:413:43:413:58:413:58:413:70":36,"f:414:29:414:35":19,"s:415:22:415:Infinity":58,"s:416:22:416:Infinity":59,"b:421:29:421:51:421:51:421:67:421:67:421:Infinity":37,"b:422:29:422:43:422:43:422:Infinity":38,"f:424:33:424:34":20,"s:425:26:425:Infinity":60,"f:431:29:431:35":21,"s:431:35:431:Infinity":61,"b:432:43:432:58:432:58:432:70":39,"b:440:21:440:Infinity:441:22:494:Infinity":40,"f:451:37:451:43":22,"s:452:30:452:Infinity":62,"s:453:30:453:Infinity":63,"f:462:37:462:43":23,"s:463:30:463:Infinity":64,"s:464:30:464:Infinity":65,"f:473:37:473:43":24,"s:474:30:474:Infinity":66,"s:475:30:475:Infinity":67,"f:484:37:484:43":25,"s:485:30:485:Infinity":68,"s:486:30:486:Infinity":69,"b:507:24:507:Infinity:508:24:508:Infinity":41,"b:532:29:532:52:532:52:532:77":42,"b:536:29:536:43:536:43:536:53":43,"b:540:29:540:53:540:53:540:77":44,"b:550:37:550:41:550:41:550:43":45,"b:552:93:552:117:552:117:552:Infinity":46,"f:556:31:556:32":26,"s:557:12:590:Infinity":70,"b:560:43:560:47:560:47:560:50":47,"b:560:62:560:66:560:66:560:69":48,"b:561:44:561:64:561:64:561:67":49,"f:567:27:567:28":27,"s:568:18:569:Infinity":71,"b:569:31:569:119:569:119:569:137":50,"b:576:15:576:Infinity:577:16:588:Infinity":51,"f:578:36:578:37":28,"s:579:20:586:Infinity":72}}}
,"/workspaces/ArtScape/client/src/components/Post.jsx": {"path":"/workspaces/ArtScape/client/src/components/Post.jsx","statementMap":{"0":{"start":{"line":6,"column":40},"end":{"line":6,"column":null}},"1":{"start":{"line":7,"column":22},"end":{"line":7,"column":null}},"2":{"start":{"line":10,"column":2},"end":{"line":15,"column":null}},"3":{"start":{"line":11,"column":4},"end":{"line":14,"column":null}},"4":{"start":{"line":12,"column":6},"end":{"line":12,"column":null}},"5":{"start":{"line":13,"column":6},"end":{"line":13,"column":null}},"6":{"start":{"line":17,"column":21},"end":{"line":75,"column":null}},"7":{"start":{"line":18,"column":17},"end":{"line":18,"column":null}},"8":{"start":{"line":19,"column":18},"end":{"line":19,"column":null}},"9":{"start":{"line":20,"column":4},"end":{"line":23,"column":null}},"10":{"start":{"line":21,"column":6},"end":{"line":21,"column":null}},"11":{"start":{"line":22,"column":6},"end":{"line":22,"column":null}},"12":{"start":{"line":25,"column":4},"end":{"line":28,"column":null}},"13":{"start":{"line":26,"column":6},"end":{"line":26,"column":null}},"14":{"start":{"line":27,"column":6},"end":{"line":27,"column":null}},"15":{"start":{"line":30,"column":4},"end":{"line":74,"column":null}},"16":{"start":{"line":31,"column":6},"end":{"line":66,"column":null}},"17":{"start":{"line":33,"column":21},"end":{"line":33,"column":null}},"18":{"start":{"line":34,"column":22},"end":{"line":34,"column":null}},"19":{"start":{"line":36,"column":20},"end":{"line":44,"column":null}},"20":{"start":{"line":45,"column":8},"end":{"line":45,"column":null}},"21":{"start":{"line":45,"column":21},"end":{"line":45,"column":null}},"22":{"start":{"line":47,"column":8},"end":{"line":47,"column":null}},"23":{"start":{"line":48,"column":8},"end":{"line":48,"column":null}},"24":{"start":{"line":48,"column":29},"end":{"line":48,"column":null}},"25":{"start":{"line":52,"column":21},"end":{"line":52,"column":null}},"26":{"start":{"line":53,"column":22},"end":{"line":53,"column":null}},"27":{"start":{"line":54,"column":20},"end":{"line":60,"column":null}},"28":{"start":{"line":61,"column":8},"end":{"line":62,"column":null}},"29":{"start":{"line":61,"column":21},"end":{"line":62,"column":null}},"30":{"start":{"line":64,"column":8},"end":{"line":64,"column":null}},"31":{"start":{"line":65,"column":8},"end":{"line":65,"column":null}},"32":{"start":{"line":65,"column":27},"end":{"line":65,"column":null}},"33":{"start":{"line":69,"column":6},"end":{"line":69,"column":null}},"34":{"start":{"line":70,"column":6},"end":{"line":70,"column":null}},"35":{"start":{"line":72,"column":6},"end":{"line":72,"column":null}},"36":{"start":{"line":73,"column":6},"end":{"line":73,"column":null}},"37":{"start":{"line":77,"column":2},"end":{"line":104,"column":null}},"38":{"start":{"line":86,"column":27},"end":{"line":86,"column":null}}},"fnMap":{"0":{"name":"Post","decl":{"start":{"line":5,"column":9},"end":{"line":5,"column":14}},"loc":{"start":{"line":5,"column":63},"end":{"line":106,"column":null}},"line":5},"1":{"name":"(anonymous_1)","decl":{"start":{"line":10,"column":12},"end":{"line":10,"column":18}},"loc":{"start":{"line":10,"column":18},"end":{"line":15,"column":5}},"line":10},"2":{"name":"(anonymous_2)","decl":{"start":{"line":17,"column":21},"end":{"line":17,"column":33}},"loc":{"start":{"line":17,"column":33},"end":{"line":75,"column":null}},"line":17},"3":{"name":"(anonymous_3)","decl":{"start":{"line":86,"column":20},"end":{"line":86,"column":21}},"loc":{"start":{"line":86,"column":27},"end":{"line":86,"column":null}},"line":86}},"branchMap":{"0":{"loc":{"start":{"line":11,"column":4},"end":{"line":14,"column":null}},"type":"if","locations":[{"start":{"line":11,"column":4},"end":{"line":14,"column":null}},{"start":{},"end":{}}],"line":11},"1":{"loc":{"start":{"line":12,"column":14},"end":{"line":12,"column":36}},"type":"binary-expr","locations":[{"start":{"line":12,"column":14},"end":{"line":12,"column":34}},{"start":{"line":12,"column":34},"end":{"line":12,"column":36}}],"line":12},"2":{"loc":{"start":{"line":13,"column":23},"end":{"line":13,"column":48}},"type":"binary-expr","locations":[{"start":{"line":13,"column":23},"end":{"line":13,"column":44}},{"start":{"line":13,"column":44},"end":{"line":13,"column":48}}],"line":13},"3":{"loc":{"start":{"line":20,"column":4},"end":{"line":23,"column":null}},"type":"if","locations":[{"start":{"line":20,"column":4},"end":{"line":23,"column":null}},{"start":{},"end":{}}],"line":20},"4":{"loc":{"start":{"line":25,"column":4},"end":{"line":28,"column":null}},"type":"if","locations":[{"start":{"line":25,"column":4},"end":{"line":28,"column":null}},{"start":{},"end":{}}],"line":25},"5":{"loc":{"start":{"line":25,"column":8},"end":{"line":25,"column":33}},"type":"binary-expr","locations":[{"start":{"line":25,"column":8},"end":{"line":25,"column":17}},{"start":{"line":25,"column":17},"end":{"line":25,"column":33}}],"line":25},"6":{"loc":{"start":{"line":31,"column":6},"end":{"line":66,"column":null}},"type":"if","locations":[{"start":{"line":31,"column":6},"end":{"line":66,"column":null}},{"start":{"line":49,"column":13},"end":{"line":66,"column":null}}],"line":31},"7":{"loc":{"start":{"line":45,"column":8},"end":{"line":45,"column":null}},"type":"if","locations":[{"start":{"line":45,"column":8},"end":{"line":45,"column":null}},{"start":{},"end":{}}],"line":45},"8":{"loc":{"start":{"line":48,"column":8},"end":{"line":48,"column":null}},"type":"if","locations":[{"start":{"line":48,"column":8},"end":{"line":48,"column":null}},{"start":{},"end":{}}],"line":48},"9":{"loc":{"start":{"line":61,"column":8},"end":{"line":62,"column":null}},"type":"if","locations":[{"start":{"line":61,"column":8},"end":{"line":62,"column":null}},{"start":{},"end":{}}],"line":61},"10":{"loc":{"start":{"line":65,"column":8},"end":{"line":65,"column":null}},"type":"if","locations":[{"start":{"line":65,"column":8},"end":{"line":65,"column":null}},{"start":{},"end":{}}],"line":65},"11":{"loc":{"start":{"line":95,"column":11},"end":{"line":95,"column":null}},"type":"cond-expr","locations":[{"start":{"line":95,"column":25},"end":{"line":95,"column":36}},{"start":{"line":95,"column":36},"end":{"line":95,"column":null}}],"line":95},"12":{"loc":{"start":{"line":99,"column":7},"end":{"line":102,"column":null}},"type":"binary-expr","locations":[{"start":{"line":99,"column":7},"end":{"line":99,"column":null}},{"start":{"line":100,"column":8},"end":{"line":102,"column":null}}],"line":99}},"s":{"0":4,"1":4,"2":4,"3":3,"4":1,"5":1,"6":4,"7":1,"8":1,"9":1,"10":0,"11":0,"12":1,"13":1,"14":1,"15":0,"16":0,"17":0,"18":0,"19":0,"20":0,"21":0,"22":0,"23":0,"24":0,"25":0,"26":0,"27":0,"28":0,"29":0,"30":0,"31":0,"32":0,"33":0,"34":0,"35":0,"36":0,"37":4,"38":0},"f":{"0":4,"1":3,"2":1,"3":0},"b":{"0":[1,2],"1":[1,0],"2":[1,0],"3":[0,1],"4":[1,0],"5":[1,1],"6":[0,0],"7":[0,0],"8":[0,0],"9":[0,0],"10":[0,0],"11":[2,2],"12":[4,1]},"meta":{"lastBranch":13,"lastFunction":4,"lastStatement":39,"seen":{"f:5:9:5:14":0,"s:6:40:6:Infinity":0,"s:7:22:7:Infinity":1,"s:10:2:15:Infinity":2,"f:10:12:10:18":1,"b:11:4:14:Infinity:undefined:undefined:undefined:undefined":0,"s:11:4:14:Infinity":3,"s:12:6:12:Infinity":4,"b:12:14:12:34:12:34:12:36":1,"s:13:6:13:Infinity":5,"b:13:23:13:44:13:44:13:48":2,"s:17:21:75:Infinity":6,"f:17:21:17:33":2,"s:18:17:18:Infinity":7,"s:19:18:19:Infinity":8,"b:20:4:23:Infinity:undefined:undefined:undefined:undefined":3,"s:20:4:23:Infinity":9,"s:21:6:21:Infinity":10,"s:22:6:22:Infinity":11,"b:25:4:28:Infinity:undefined:undefined:undefined:undefined":4,"s:25:4:28:Infinity":12,"b:25:8:25:17:25:17:25:33":5,"s:26:6:26:Infinity":13,"s:27:6:27:Infinity":14,"s:30:4:74:Infinity":15,"b:31:6:66:Infinity:49:13:66:Infinity":6,"s:31:6:66:Infinity":16,"s:33:21:33:Infinity":17,"s:34:22:34:Infinity":18,"s:36:20:44:Infinity":19,"b:45:8:45:Infinity:undefined:undefined:undefined:undefined":7,"s:45:8:45:Infinity":20,"s:45:21:45:Infinity":21,"s:47:8:47:Infinity":22,"b:48:8:48:Infinity:undefined:undefined:undefined:undefined":8,"s:48:8:48:Infinity":23,"s:48:29:48:Infinity":24,"s:52:21:52:Infinity":25,"s:53:22:53:Infinity":26,"s:54:20:60:Infinity":27,"b:61:8:62:Infinity:undefined:undefined:undefined:undefined":9,"s:61:8:62:Infinity":28,"s:61:21:62:Infinity":29,"s:64:8:64:Infinity":30,"b:65:8:65:Infinity:undefined:undefined:undefined:undefined":10,"s:65:8:65:Infinity":31,"s:65:27:65:Infinity":32,"s:69:6:69:Infinity":33,"s:70:6:70:Infinity":34,"s:72:6:72:Infinity":35,"s:73:6:73:Infinity":36,"s:77:2:104:Infinity":37,"f:86:20:86:21":3,"s:86:27:86:Infinity":38,"b:95:25:95:36:95:36:95:Infinity":11,"b:99:7:99:Infinity:100:8:102:Infinity":12}}}
,"/workspaces/ArtScape/client/src/components/ReportModal.jsx": {"path":"/workspaces/ArtScape/client/src/components/ReportModal.jsx","statementMap":{"0":{"start":{"line":4,"column":17},"end":{"line":4,"column":null}},"1":{"start":{"line":7,"column":38},"end":{"line":7,"column":null}},"2":{"start":{"line":8,"column":40},"end":{"line":8,"column":null}},"3":{"start":{"line":9,"column":36},"end":{"line":9,"column":null}},"4":{"start":{"line":10,"column":38},"end":{"line":10,"column":null}},"5":{"start":{"line":12,"column":23},"end":{"line":47,"column":null}},"6":{"start":{"line":13,"column":4},"end":{"line":16,"column":null}},"7":{"start":{"line":14,"column":6},"end":{"line":14,"column":null}},"8":{"start":{"line":15,"column":6},"end":{"line":15,"column":null}},"9":{"start":{"line":18,"column":4},"end":{"line":18,"column":null}},"10":{"start":{"line":19,"column":4},"end":{"line":46,"column":null}},"11":{"start":{"line":22,"column":23},"end":{"line":32,"column":null}},"12":{"start":{"line":34,"column":6},"end":{"line":40,"column":null}},"13":{"start":{"line":35,"column":8},"end":{"line":35,"column":null}},"14":{"start":{"line":36,"column":8},"end":{"line":36,"column":null}},"15":{"start":{"line":38,"column":26},"end":{"line":38,"column":null}},"16":{"start":{"line":38,"column":61},"end":{"line":38,"column":64}},"17":{"start":{"line":39,"column":8},"end":{"line":39,"column":null}},"18":{"start":{"line":42,"column":6},"end":{"line":42,"column":null}},"19":{"start":{"line":43,"column":6},"end":{"line":43,"column":null}},"20":{"start":{"line":45,"column":6},"end":{"line":45,"column":null}},"21":{"start":{"line":49,"column":2},"end":{"line":115,"column":null}},"22":{"start":{"line":51,"column":89},"end":{"line":51,"column":null}},"23":{"start":{"line":63,"column":12},"end":{"line":75,"column":null}},"24":{"start":{"line":70,"column":18},"end":{"line":70,"column":null}},"25":{"start":{"line":71,"column":18},"end":{"line":71,"column":null}},"26":{"start":{"line":87,"column":29},"end":{"line":87,"column":null}}},"fnMap":{"0":{"name":"ReportModal","decl":{"start":{"line":6,"column":24},"end":{"line":6,"column":36}},"loc":{"start":{"line":6,"column":60},"end":{"line":117,"column":null}},"line":6},"1":{"name":"(anonymous_1)","decl":{"start":{"line":12,"column":23},"end":{"line":12,"column":35}},"loc":{"start":{"line":12,"column":35},"end":{"line":47,"column":null}},"line":12},"2":{"name":"(anonymous_2)","decl":{"start":{"line":38,"column":54},"end":{"line":38,"column":61}},"loc":{"start":{"line":38,"column":61},"end":{"line":38,"column":64}},"line":38},"3":{"name":"(anonymous_3)","decl":{"start":{"line":51,"column":82},"end":{"line":51,"column":83}},"loc":{"start":{"line":51,"column":89},"end":{"line":51,"column":null}},"line":51},"4":{"name":"(anonymous_4)","decl":{"start":{"line":62,"column":16},"end":{"line":62,"column":17}},"loc":{"start":{"line":63,"column":12},"end":{"line":75,"column":null}},"line":63},"5":{"name":"(anonymous_5)","decl":{"start":{"line":69,"column":26},"end":{"line":69,"column":27}},"loc":{"start":{"line":69,"column":33},"end":{"line":72,"column":null}},"line":69},"6":{"name":"(anonymous_6)","decl":{"start":{"line":87,"column":22},"end":{"line":87,"column":23}},"loc":{"start":{"line":87,"column":29},"end":{"line":87,"column":null}},"line":87}},"branchMap":{"0":{"loc":{"start":{"line":4,"column":1
[...]
:{"start":{"line":134,"column":10},"end":{"line":134,"column":55}},"type":"binary-expr","locations":[{"start":{"line":134,"column":10},"end":{"line":134,"column":31}},{"start":{"line":134,"column":31},"end":{"line":134,"column":55}}],"line":134},"28":{"loc":{"start":{"line":135,"column":6},"end":{"line":135,"column":null}},"type":"if","locations":[{"start":{"line":135,"column":6},"end":{"line":135,"column":null}},{"start":{},"end":{}}],"line":135},"29":{"loc":{"start":{"line":135,"column":10},"end":{"line":135,"column":52}},"type":"binary-expr","locations":[{"start":{"line":135,"column":10},"end":{"line":135,"column":25}},{"start":{"line":135,"column":25},"end":{"line":135,"column":52}}],"line":135},"30":{"loc":{"start":{"line":146,"column":6},"end":{"line":154,"column":null}},"type":"if","locations":[{"start":{"line":146,"column":6},"end":{"line":154,"column":null}},{"start":{},"end":{}}],"line":146},"31":{"loc":{"start":{"line":149,"column":10},"end":{"line":152,"column":null}},"type":"binary-expr","locations":[{"start":{"line":149,"column":10},"end":{"line":149,"column":null}},{"start":{"line":150,"column":10},"end":{"line":150,"column":null}},{"start":{"line":151,"column":10},"end":{"line":151,"column":null}},{"start":{"line":152,"column":10},"end":{"line":152,"column":null}}],"line":149},"32":{"loc":{"start":{"line":159,"column":12},"end":{"line":159,"column":null}},"type":"binary-expr","locations":[{"start":{"line":159,"column":12},"end":{"line":159,"column":28}},{"start":{"line":159,"column":28},"end":{"line":159,"column":null}}],"line":159},"33":{"loc":{"start":{"line":163,"column":15},"end":{"line":163,"column":41}},"type":"binary-expr","locations":[{"start":{"line":163,"column":15},"end":{"line":163,"column":33}},{"start":{"line":163,"column":33},"end":{"line":163,"column":41}}],"line":163},"34":{"loc":{"start":{"line":164,"column":22},"end":{"line":164,"column":null}},"type":"binary-expr","locations":[{"start":{"line":164,"column":22},"end":{"line":164,"column":48}},{"start":{"line":164,"column":48},"end":{"line":164,"column":75}},{"start":{"line":164,"column":75},"end":{"line":164,"column":null}}],"line":164},"35":{"loc":{"start":{"line":166,"column":10},"end":{"line":166,"column":null}},"type":"binary-expr","locations":[{"start":{"line":166,"column":10},"end":{"line":166,"column":46}},{"start":{"line":166,"column":46},"end":{"line":166,"column":83}},{"start":{"line":166,"column":83},"end":{"line":166,"column":null}}],"line":166},"36":{"loc":{"start":{"line":167,"column":13},"end":{"line":167,"column":null}},"type":"binary-expr","locations":[{"start":{"line":167,"column":13},"end":{"line":167,"column":30}},{"start":{"line":167,"column":30},"end":{"line":167,"column":null}}],"line":167},"37":{"loc":{"start":{"line":168,"column":19},"end":{"line":168,"column":null}},"type":"binary-expr","locations":[{"start":{"line":168,"column":19},"end":{"line":168,"column":42}},{"start":{"line":168,"column":42},"end":{"line":168,"column":null}}],"line":168},"38":{"loc":{"start":{"line":169,"column":19},"end":{"line":169,"column":null}},"type":"binary-expr","locations":[{"start":{"line":169,"column":19},"end":{"line":169,"column":42}},{"start":{"line":169,"column":42},"end":{"line":169,"column":null}}],"line":169},"39":{"loc":{"start":{"line":170,"column":21},"end":{"line":170,"column":null}},"type":"binary-expr","locations":[{"start":{"line":170,"column":21},"end":{"line":170,"column":46}},{"start":{"line":170,"column":46},"end":{"line":170,"column":72}},{"start":{"line":170,"column":72},"end":{"line":170,"column":null}}],"line":170},"40":{"loc":{"start":{"line":177,"column":6},"end":{"line":183,"column":null}},"type":"if","locations":[{"start":{"line":177,"column":6},"end":{"line":183,"column":null}},{"start":{},"end":{}}],"line":177},"41":{"loc":{"start":{"line":177,"column":10},"end":{"line":177,"column":73}},"type":"binary-expr","locations":[{"start":{"line":177,"column":10},"end":{"line":177,"column":40}},{"start":{"line":177,"column":40},"end":{"line":177,"column":73}}],"line":177},"42":{"loc":{"start":{"line":184,"column":38},"end":{"line":184,"column":86}},"type":"binary-expr","locations":[{"start":{"line":184,"column":38},"end":{"line":184,"column":55}},{"start":{"line":184,"column":55},"end":{"line":184,"column":86}}],"line":184},"43":{"loc":{"start":{"line":198,"column":6},"end":{"line":203,"column":null}},"type":"if","locations":[{"start":{"line":198,"column":6},"end":{"line":203,"column":null}},{"start":{},"end":{}}],"line":198},"44":{"loc":{"start":{"line":201,"column":10},"end":{"line":201,"column":null}},"type":"binary-expr","locations":[{"start":{"line":201,"column":10},"end":{"line":201,"column":31}},{"start":{"line":201,"column":31},"end":{"line":201,"column":50}},{"start":{"line":201,"column":50},"end":{"line":201,"column":null}}],"line":201},"45":{"loc":{"start":{"line":215,"column":31},"end":{"line":215,"column":49}},"type":"binary-expr","locations":[{"start":{"line":215,"column":31},"end":{"line":215,"column":39}},{"start":{"line":215,"column":39},"end":{"line":215,"column":49}}],"line":215},"46":{"loc":{"start":{"line":217,"column":8},"end":{"line":217,"column":null}},"type":"binary-expr","locations":[{"start":{"line":217,"column":8},"end":{"line":217,"column":16}},{"start":{"line":217,"column":16},"end":{"line":217,"column":29}},{"start":{"line":217,"column":29},"end":{"line":217,"column":null}}],"line":217}},"s":{"0":1,"1":1,"2":0,"3":0,"4":0,"5":0,"6":0,"7":0,"8":1,"9":0,"10":0,"11":0,"12":0,"13":0,"14":0,"15":1,"16":1,"17":0,"18":1,"19":1,"20":0,"21":1,"22":1,"23":0,"24":0,"25":0,"26":0,"27":0,"28":0,"29":0,"30":0,"31":0,"32":0,"33":0,"34":0,"35":0,"36":0,"37":0,"38":0,"39":0,"40":0,"41":0,"42":0,"43":0,"44":0,"45":0,"46":0,"47":0,"48":0,"49":0,"50":0,"51":0,"52":0,"53":0,"54":0,"55":0,"56":0,"57":0,"58":0,"59":0,"60":0,"61":0,"62":0,"63":0,"64":0,"65":0,"66":0,"67":0,"68":0,"69":0,"70":0,"71":0,"72":0,"73":0,"74":0,"75":0,"76":0,"77":0,"78":0,"79":0,"80":0,"81":0,"82":0,"83":0},"f":{"0":0,"1":0,"2":0,"3":0,"4":0,"5":0,"6":1,"7":0,"8":0,"9":0,"10":0,"11":0,"12":0,"13":0,"14":0,"15":0,"16":0,"17":0},"b":{"0":[0,0],"1":[0,0],"2":[0,0],"3":[0,0],"4":[0,1],"5":[1,0],"6":[0,0],"7":[0,0],"8":[0,0],"9":[0,0,0,0],"10":[0,0],"11":[0,0],"12":[0,0,0],"13":[0,0,0],"14":[0,0],"15":[0,0],"16":[0,0],"17":[0,0,0],"18":[0,0],"19":[0,0],"20":[0,0],"21":[0],"22":[0],"23":[0],"24":[0,0],"25":[0,0],"26":[0,0],"27":[0,0],"28":[0,0],"29":[0,0],"30":[0,0],"31":[0,0,0,0],"32":[0,0],"33":[0,0],"34":[0,0,0],"35":[0,0,0],"36":[0,0],"37":[0,0],"38":[0,0],"39":[0,0,0],"40":[0,0],"41":[0,0],"42":[0,0],"43":[0,0],"44":[0,0,0],"45":[0,0],"46":[0,0,0]},"meta":{"lastBranch":47,"lastFunction":18,"lastStatement":84,"seen":{"s:3:6:11:Infinity":0,"f:7:11:7:17":0,"f:8:9:8:21":1,"f:9:12:9:24":2,"f:10:10:10:16":3,"s:14:22:22:Infinity":1,"f:14:22:14:28":4,"b:15:2:15:Infinity:undefined:undefined:undefined:undefined":0,"s:15:2:15:Infinity":2,"s:15:37:15:Infinity":3,"s:16:2:21:Infinity":4,"s:17:16:17:Infinity":5,"s:18:4:18:Infinity":6,"b:18:17:18:35:18:35:18:Infinity":1,"s:20:4:20:Infinity":7,"s:25:20:36:Infinity":8,"f:25:20:25:21":5,"b:26:2:26:Infinity:undefined:undefined:undefined:undefined":2,"s:26:2:26:Infinity":9,"s:26:37:26:Infinity":10,"s:27:2:35:Infinity":11,"b:28:4:32:Infinity:30:11:32:Infinity":3,"s:28:4:32:Infinity":12,"s:29:6:29:Infinity":13,"s:31:6:31:Infinity":14,"s:38:18:46:Infinity":15,"f:38:18:38:24":6,"b:39:2:41:Infinity:undefined:undefined:undefined:undefined":4,"s:39:2:41:Infinity":16,"s:40:4:40:Infinity":17,"b:42:2:44:Infinity:undefined:undefined:undefined:undefined":5,"s:42:2:44:Infinity":18,"s:43:4:43:Infinity":19,"s:45:2:45:Infinity":20,"s:48:21:48:Infinity":21,"s:50:28:228:Infinity":22,"f:50:28:50:29":7,"s:51:22:51:Infinity":23,"f:51:35:51:41":8,"s:51:41:51:56":24,"s:54:2:56:Infinity":25,"f:54:12:54:18":9,"s:55:4:55:Infinity":26,"s:61:16:116:Infinity":27,"f:61:16:61:23":10,"s:62:4:115:Infinity":28,"s:63:22:63:Infinity":29,"b:64:6:64:Infinity:undefined:undefined:undefined:undefined":6,"s:64:6:64:Infinity":30,"s:64:17:64:Infinity":31,"b:65:6:65:Infinity:undefined:undefined:undefined:undefined":7,"s:65:6:65:Infinity":32,"s:65:20:65:Infinity":33,"s:67:23:74:Infinity":34,"b:76:6:84:Infinity:undefined:undefined:undefined:undefined":8,"s:76:6:84:Infinity":35,"s:77:26:77:Infinity":36,"f:77:54:77:61":11,"s:77:61:77:64":37,"s:79:10:82:Infinity":38,"b:79:10:79:Infinity:80:10:80:Infinity:81:10:81:Infinity:82:10:82:Infinity":9,"s:83:8:83:Infinity":39,"s:86:19:86:Infinity":40,"s:88:23:102:Infinity":41,"b:89:12:89:28:89:28:89:Infinity":10,"b:93:15:93:33:93:33:93:41":11,"b:94:22:94:48:94:48:94:75:94:75:94:Infinity":12,"b:96:10:96:46:96:46:96:83:96:83:96:Infinity":13,"b:97:13:97:30:97:30:97:Infinity":14,"b:98:19:98:42:98:42:98:Infinity":15,"b:99:19:99:42:99:42:99:Infinity":16,"b:100:21:100:46:100:46:100:72:100:72:100:Infinity":17,"s:104:6:104:Infinity":42,"s:105:6:105:Infinity":43,"b:107:6:113:Infinity:undefined:undefined:undefined:undefined":18,"s:107:6:113:Infinity":44,"b:107:10:107:40:107:40:107:73":19,"s:108:8:112:Infinity":45,"s:114:6:114:Infinity":46,"b:114:38:114:55:114:55:114:86":20,"s:121:19:186:Infinity":47,"f:121:19:121:Infinity":12,"b:126:16:126:Infinity":21,"b:127:15:127:Infinity":22,"b:128:18:128:Infinity":23,"s:130:4:185:Infinity":48,"s:131:22:131:Infinity":49,"b:133:6:133:Infinity:undefined:undefined:undefined:undefined":24,"s:133:6:133:Infinity":50,"b:133:10:133:32:133:32:133:57":25,"s:133:57:133:Infinity":51,"b:134:6:134:Infinity:undefined:undefined:undefined:undefined":26,"s:134:6:134:Infinity":52,"b:134:10:134:31:134:31:134:55":27,"s:134:55:134:Infinity":53,"b:135:6:135:Infinity:undefined:undefined:undefined:undefined":28,"s:135:6:135:Infinity":54,"b:135:10:135:25:135:25:135:52":29,"s:135:52:135:Infinity":55,"s:137:23:144:Infinity":56,"b:146:6:154:Infinity:undefined:undefined:undefined:undefined":30,"s:146:6:154:Infinity":57,"s:147:26:147:Infinity":58,"f:147:54:147:61":13,"s:147:61:147:64":59,"s:149:10:152:Infinity":60,"b:149:10:149:Infinity:150:10:150:Infinity:151:10:151:Infinity:152:10:152:Infinity":31,"s:153:8:153:Infinity":61,"s:156:19:156:Infinity":62,"s:158:23:172:Infinity":63,"b:159:12:159:28:159:28:159:Infinity":32,"b:163:15:163:33:163:33:163:41":33,"b:164:22:164:48:164:48:164:75:164:75:164:Infinity":34,"b:166:10:166:46:166:46:166:83:166:83:166:Infinity":35,"b:167:13:167:30:167:30:167:Infinity":36,"b:168:19:168:42:168:42:168:Infinity":37,"b:169:19:169:42:169:42:169:Infinity":38,"b:170:21:170:46:170:46:170:72:170:72:170:Infinity":39,"s:174:6:174:Infinity":64,"s:175:6:175:Infinity":65,"b:177:6:183:Infinity:undefined:undefined:undefined:undefined":40,"s:177:6:183:Infinity":66,"b:177:10:177:40:177:40:177:73":41,"s:178:8:182:Infinity":67,"s:184:6:184:Infinity":68,"b:184:38:184:55:184:55:184:86":42,"s:191:17:210:Infinity":69,"f:191:17:191:29":14,"s:192:4:209:Infinity":70,"s:193:23:196:Infinity":71,"b:198:6:203:Infinity:undefined:undefined:undefined:undefined":43,"s:198:6:203:Infinity":72,"s:199:26:199:Infinity":73,"f:199:54:199:61":15,"s:199:61:199:64":74,"s:201:10:201:Infinity":75,"b:201:10:201:31:201:31:201:50:201:50:201:Infinity":44,"s:202:8:202:Infinity":76,"s:205:6:205:Infinity":77,"s:207:6:207:Infinity":78,"s:208:6:208:Infinity":79,"s:212:8:225:Infinity":80,"f:213:4:213:11":16,"s:213:11:223:Infinity":81,"b:215:31:215:39:215:39:215:49":45,"b:217:8:217:16:217:16:217:29:217:29:217:Infinity":46,"s:227:2:227:Infinity":82,"s:230:23:230:Infinity":83,"f:230:23:230:29":17}}}
,"/workspaces/ArtScape/client/src/hooks/useGalleryData.js": {"path":"/workspaces/ArtScape/client/src/hooks/useGalleryData.js","statementMap":{"0":{"start":{"line":4,"column":21},"end":{"line":4,"column":76}},"1":{"start":{"line":6,"column":30},"end":{"line":59,"column":1}},"2":{"start":{"line":7,"column":27},"end":{"line":7,"column":40}},"3":{"start":{"line":8,"column":33},"end":{"line":8,"column":46}},"4":{"start":{"line":9,"column":31},"end":{"line":9,"column":46}},"5":{"start":{"line":11,"column":1},"end":{"line":56,"column":null}},"6":{"start":{"line":12,"column":22},"end":{"line":53,"column":5}},"7":{"start":{"line":13,"column":6},"end":{"line":13,"column":null}},"8":{"start":{"line":14,"column":6},"end":{"line":52,"column":null}},"9":{"start":{"line":15,"column":40},"end":{"line":18,"column":10}},"10":{"start":{"line":21,"column":8},"end":{"line":28,"column":null}},"11":{"start":{"line":22,"column":10},"end":{"line":22,"column":null}},"12":{"start":{"line":23,"column":10},"end":{"line":23,"column":null}},"13":{"start":{"line":25,"column":28},"end":{"line":25,"column":49}},"14":{"start":{"line":27,"column":10},"end":{"line":27,"column":null}},"15":{"start":{"line":30,"column":8},"end":{"line":45,"column":null}},"16":{"start":{"line":31,"column":10},"end":{"line":31,"column":null}},"17":{"start":{"line":32,"column":10},"end":{"line":32,"column":null}},"18":{"start":{"line":34,"column":31},"end":{"line":34,"column":55}},"19":{"start":{"line":36,"column":10},"end":{"line":44,"column":null}},"20":{"start":{"line":37,"column":39},"end":{"line":40,"column":15}},"21":{"start":{"line":37,"column":68},"end":{"line":40,"column":13}},"22":{"start":{"line":41,"column":12},"end":{"line":41,"column":null}},"23":{"start":{"line":43,"column":12},"end":{"line":43,"column":null}},"24":{"start":{"line":47,"column":8},"end":{"line":47,"column":null}},"25":{"start":{"line":48,"column":8},"end":{"line":48,"column":null}},"26":{"start":{"line":49,"column":8},"end":{"line":49,"column":null}},"27":{"start":{"line":51,"column":8},"end":{"line":51,"column":null}},"28":{"start":{"line":55,"column":4},"end":{"line":55,"column":null}},"29":{"start":{"line":58,"column":2},"end":{"line":58,"column":null}}},"fnMap":{"0":{"name":"(anonymous_0)","decl":{"start":{"line":6,"column":30},"end":{"line":6,"column":31}},"loc":{"start":{"line":6,"column":36},"end":{"line":59,"column":1}},"line":6},"1":{"name":"(anonymous_1)","decl":{"start":{"line":11,"column":12},"end":{"line":11,"column":13}},"loc":{"start":{"line":11,"column":18},"end":{"line":56,"column":3}},"line":11},"2":{"name":"(anonymous_2)","decl":{"start":{"line":12,"column":22},"end":{"line":12,"column":27}},"loc":{"start":{"line":12,"column":34},"end":{"line":53,"column":5}},"line":12},"3":{"name":"(anonymous_3)","decl":{"start":{"line":37,"column":56},"end":{"line":37,"column":63}},"loc":{"start":{"line":37,"column":68},"end":{"line":40,"column":13}},"line":37}},"branchMap":{"0":{"loc":{"start":{"line":4,"column":21},"end":{"line":4,"column":76}},"type":"binary-expr","locations":[{"start":{"line":4,"column":21},"end":{"line":4,"column":49}},{"start":{"line":4,"column":53},"end":{"line":4,"column":76}}],"line":4},"1":{"loc":{"start":{"line":21,"column":8},"end":{"line":28,"column":null}},"type":"if","locations":[{"start":{"line":21,"column":8},"end":{"line":28,"column":null}},{"start":{"line":24,"column":15},"end":{"line":28,"column":null}}],"line":21},"2":{"loc":{"start":{"line":27,"column":19},"end":{"line":27,"column":60}},"type":"cond-expr","locations":[{"start":{"line":27,"column":46},"end":{"line":27,"column":55}},{"start":{"line":27,"column":58},"end":{"line":27,"column":60}}],"line":27},"3":{"loc":{"start":{"line":30,"column":8},"end":{"line":45,"column":null}},"type":"if","locations":[{"start":{"line":30,"column":8},"end":{"line":45,"column":null}},{"start":{"line":33,"column":15},"end":{"line":45,"column":null}}],"line":30},"4":{"loc":{"start":{"line":36,"column":10},"end":{"line":44,"column":null}},"type":"if","locations":[{"start":{"line":36,"column":10},"end":{"line":44,"column":null}},{"start":{"line":42,"column":17},"end":{"line":44,"column":null}}],"line":36}},"s":{"0":1,"1":1,"2":3,"3":3,"4":3,"5":3,"6":2,"7":2,"8":2,"9":2,"10":1,"11":0,"12":0,"13":1,"14":1,"15":1,"16":0,"17":0,"18":1,"19":1,"20":1,"21":1,"22":1,"23":0,"24":0,"25":0,"26":0,"27":1,"28":2,"29":3},"f":{"0":3,"1":2,"2":2,"3":1},"b":{"0":[1,1],"1":[0,1],"2":[1,0],"3":[0,1],"4":[1,0]},"meta":{"lastBranch":5,"lastFunction":4,"lastStatement":30,"seen":{"s:4:21:4:76":0,"b:4:21:4:49:4:53:4:76":0,"s:6:30:59:1":1,"f:6:30:6:31":0,"s:7:27:7:40":2,"s:8:33:8:46":3,"s:9:31:9:46":4,"s:11:1:56:Infinity":5,"f:11:12:11:13":1,"s:12:22:53:5":6,"f:12:22:12:27":2,"s:13:6:13:Infinity":7,"s:14:6:52:Infinity":8,"s:15:40:18:10":9,"b:21:8:28:Infinity:24:15:28:Infinity":1,"s:21:8:28:Infinity":10,"s:22:10:22:Infinity":11,"s:23:10:23:Infinity":12,"s:25:28:25:49":13,"s:27:10:27:Infinity":14,"b:27:46:27:55:27:58:27:60":2,"b:30:8:45:Infinity:33:15:45:Infinity":3,"s:30:8:45:Infinity":15,"s:31:10:31:Infinity":16,"s:32:10:32:Infinity":17,"s:34:31:34:55":18,"b:36:10:44:Infinity:42:17:44:Infinity":4,"s:36:10:44:Infinity":19,"s:37:39:40:15":20,"f:37:56:37:63":3,"s:37:68:40:13":21,"s:41:12:41:Infinity":22,"s:43:12:43:Infinity":23,"s:47:8:47:Infinity":24,"s:48:8:48:Infinity":25,"s:49:8:49:Infinity":26,"s:51:8:51:Infinity":27,"s:55:4:55:Infinity":28,"s:58:2:58:Infinity":29}}}
,"/workspaces/ArtScape/client/src/utils/tagDefinitions.js": {"path":"/workspaces/ArtScape/client/src/utils/tagDefinitions.js","statementMap":{"0":{"start":{"line":1,"column":32},"end":{"line":15,"column":1}},"1":{"start":{"line":2,"column":2},"end":{"line":2,"column":null}},"2":{"start":{"line":2,"column":13},"end":{"line":2,"column":null}},"3":{"start":{"line":3,"column":2},"end":{"line":7,"column":null}},"4":{"start":{"line":4,"column":4},"end":{"line":6,"column":null}},"5":{"start":{"line":5,"column":19},"end":{"line":5,"column":60}},"6":{"start":{"line":8,"column":2},"end":{"line":13,"column":null}},"7":{"start":{"line":9,"column":4},"end":{"line":12,"column":null}},"8":{"start":{"line":11,"column":18},"end":{"line":11,"column":28}},"9":{"start":{"line":14,"column":2},"end":{"line":14,"column":null}},"10":{"start":{"line":17,"column":26},"end":{"line":66,"column":1}},"11":{"start":{"line":68,"column":33},"end":{"line":112,"column":1}}},"fnMap":{"0":{"name":"(anonymous_0)","decl":{"start":{"line":1,"column":32},"end":{"line":1,"column":33}},"loc":{"start":{"line":1,"column":42},"end":{"line":15,"column":1}},"line":1},"1":{"name":"(anonymous_1)","decl":{"start":{"line":5,"column":11},"end":{"line":5,"column":14}},"loc":{"start":{"line":5,"column":19},"end":{"line":5,"column":60}},"line":5},"2":{"name":"(anonymous_2)","decl":{"start":{"line":11,"column":11},"end":{"line":11,"column":14}},"loc":{"start":{"line":11,"column":18},"end":{"line":11,"column":28}},"line":11}},"branchMap":{"0":{"loc":{"start":{"line":2,"column":2},"end":{"line":2,"column":null}},"type":"if","locations":[{"start":{"line":2,"column":2},"end":{"line":2,"column":null}},{"start":{},"end":{}}],"line":2},"1":{"loc":{"start":{"line":3,"column":2},"end":{"line":7,"column":null}},"type":"if","locations":[{"start":{"line":3,"column":2},"end":{"line":7,"column":null}},{"start":{},"end":{}}],"line":3},"2":{"loc":{"start":{"line":5,"column":19},"end":{"line":5,"column":60}},"type":"cond-expr","locations":[{"start":{"line":5,"column":45},"end":{"line":5,"column":55}},{"start":{"line":5,"column":58},"end":{"line":5,"column":60}}],"line":5},"3":{"loc":{"start":{"line":8,"column":2},"end":{"line":13,"column":null}},"type":"if","locations":[{"start":{"line":8,"column":2},"end":{"line":13,"column":null}},{"start":{},"end":{}}],"line":8}},"s":{"0":1,"1":1,"2":0,"3":1,"4":1,"5":0,"6":0,"7":0,"8":0,"9":0,"10":1,"11":1},"f":{"0":1,"1":0,"2":0},"b":{"0":[0,1],"1":[1,0],"2":[0,0],"3":[0,0]},"meta":{"lastBranch":4,"lastFunction":3,"lastStatement":12,"seen":{"s:1:32:15:1":0,"f:1:32:1:33":0,"b:2:2:2:Infinity:undefined:undefined:undefined:undefined":0,"s:2:2:2:Infinity":1,"s:2:13:2:Infinity":2,"b:3:2:7:Infinity:undefined:undefined:undefined:undefined":1,"s:3:2:7:Infinity":3,"s:4:4:6:Infinity":4,"f:5:11:5:14":1,"s:5:19:5:60":5,"b:5:45:5:55:5:58:5:60":2,"b:8:2:13:Infinity:undefined:undefined:undefined:undefined":3,"s:8:2:13:Infinity":6,"s:9:4:12:Infinity":7,"f:11:11:11:14":2,"s:11:18:11:28":8,"s:14:2:14:Infinity":9,"s:17:26:66:1":10,"s:68:33:112:1":11}}}
}
