{"/workspaces/ArtScape/client/src/hooks/useGalleryData.js": {"path":"/workspaces/ArtScape/client/src/hooks/useGalleryData.js","statementMap":{"0":{"start":{"line":4,"column":21},"end":{"line":4,"column":76}},"1":{"start":{"line":6,"column":30},"end":{"line":59,"column":1}},"2":{"start":{"line":7,"column":27},"end":{"line":7,"column":40}},"3":{"start":{"line":8,"column":33},"end":{"line":8,"column":46}},"4":{"start":{"line":9,"column":31},"end":{"line":9,"column":46}},"5":{"start":{"line":11,"column":1},"end":{"line":56,"column":null}},"6":{"start":{"line":12,"column":22},"end":{"line":53,"column":5}},"7":{"start":{"line":13,"column":6},"end":{"line":13,"column":null}},"8":{"start":{"line":14,"column":6},"end":{"line":52,"column":null}},"9":{"start":{"line":15,"column":40},"end":{"line":18,"column":10}},"10":{"start":{"line":21,"column":8},"end":{"line":28,"column":null}},"11":{"start":{"line":22,"column":10},"end":{"line":22,"column":null}},"12":{"start":{"line":23,"column":10},"end":{"line":23,"column":null}},"13":{"start":{"line":25,"column":28},"end":{"line":25,"column":49}},"14":{"start":{"line":27,"column":10},"end":{"line":27,"column":null}},"15":{"start":{"line":30,"column":8},"end":{"line":45,"column":null}},"16":{"start":{"line":31,"column":10},"end":{"line":31,"column":null}},"17":{"start":{"line":32,"column":10},"end":{"line":32,"column":null}},"18":{"start":{"line":34,"column":31},"end":{"line":34,"column":55}},"19":{"start":{"line":36,"column":10},"end":{"line":44,"column":null}},"20":{"start":{"line":37,"column":39},"end":{"line":40,"column":15}},"21":{"start":{"line":37,"column":68},"end":{"line":40,"column":13}},"22":{"start":{"line":41,"column":12},"end":{"line":41,"column":null}},"23":{"start":{"line":43,"column":12},"end":{"line":43,"column":null}},"24":{"start":{"line":47,"column":8},"end":{"line":47,"column":null}},"25":{"start":{"line":48,"column":8},"end":{"line":48,"column":null}},"26":{"start":{"line":49,"column":8},"end":{"line":49,"column":null}},"27":{"start":{"line":51,"column":8},"end":{"line":51,"column":null}},"28":{"start":{"line":55,"column":4},"end":{"line":55,"column":null}},"29":{"start":{"line":58,"column":2},"end":{"line":58,"column":null}}},"fnMap":{"0":{"name":"(anonymous_0)","decl":{"start":{"line":6,"column":30},"end":{"line":6,"column":31}},"loc":{"start":{"line":6,"column":36},"end":{"line":59,"column":1}},"line":6},"1":{"name":"(anonymous_1)","decl":{"start":{"line":11,"column":12},"end":{"line":11,"column":13}},"loc":{"start":{"line":11,"column":18},"end":{"line":56,"column":3}},"line":11},"2":{"name":"(anonymous_2)","decl":{"start":{"line":12,"column":22},"end":{"line":12,"column":27}},"loc":{"start":{"line":12,"column":34},"end":{"line":53,"column":5}},"line":12},"3":{"name":"(anonymous_3)","decl":{"start":{"line":37,"column":56},"end":{"line":37,"column":63}},"loc":{"start":{"line":37,"column":68},"end":{"line":40,"column":13}},"line":37}},"branchMap":{"0":{"loc":{"start":{"line":4,"column":21},"end":{"line":4,"column":76}},"type":"binary-expr","locations":[{"start":{"line":4,"column":21},"end":{"line":4,"column":49}},{"start":{"line":4,"column":53},"end":{"line":4,"column":76}}],"line":4},"1":{"loc":{"start":{"line":21,"column":8},"end":{"line":28,"column":null}},"type":"if","locations":[{"start":{"line":21,"column":8},"end":{"line":28,"column":null}},{"start":{"line":24,"column":15},"end":{"line":28,"column":null}}],"line":21},"2":{"loc":{"start":{"line":27,"column":19},"end":{"line":27,"column":60}},"type":"cond-expr","locations":[{"start":{"line":27,"column":46},"end":{"line":27,"column":55}},{"start":{"line":27,"column":58},"end":{"line":27,"column":60}}],"line":27},"3":{"loc":{"start":{"line":30,"column":8},"end":{"line":45,"column":null}},"type":"if","locations":[{"start":{"line":30,"column":8},"end":{"line":45,"column":null}},{"start":{"line":33,"column":15},"end":{"line":45,"column":null}}],"line":30},"4":{"loc":{"start":{"line":36,"column":10},"end":{"line":44,"column":null}},"type":"if","locations":[{"start":{"line":36,"column":10},"end":{"line":44,"column":null}},{"start":{"line":42,"column":17},"end":{"line":44,"column":null}}],"line":36}},"s":{"0":1,"1":1,"2":3,"3":3,"4":3,"5":3,"6":2,"7":2,"8":2,"9":2,"10":1,"11":0,"12":0,"13":1,"14":1,"15":1,"16":0,"17":0,"18":1,"19":1,"20":1,"21":1,"22":1,"23":0,"24":0,"25":0,"26":0,"27":1,"28":2,"29":3},"f":{"0":3,"1":2,"2":2,"3":1},"b":{"0":[1,1],"1":[0,1],"2":[1,0],"3":[0,1],"4":[1,0]},"meta":{"lastBranch":5,"lastFunction":4,"lastStatement":30,"seen":{"s:4:21:4:76":0,"b:4:21:4:49:4:53:4:76":0,"s:6:30:59:1":1,"f:6:30:6:31":0,"s:7:27:7:40":2,"s:8:33:8:46":3,"s:9:31:9:46":4,"s:11:1:56:Infinity":5,"f:11:12:11:13":1,"s:12:22:53:5":6,"f:12:22:12:27":2,"s:13:6:13:Infinity":7,"s:14:6:52:Infinity":8,"s:15:40:18:10":9,"b:21:8:28:Infinity:24:15:28:Infinity":1,"s:21:8:28:Infinity":10,"s:22:10:22:Infinity":11,"s:23:10:23:Infinity":12,"s:25:28:25:49":13,"s:27:10:27:Infinity":14,"b:27:46:27:55:27:58:27:60":2,"b:30:8:45:Infinity:33:15:45:Infinity":3,"s:30:8:45:Infinity":15,"s:31:10:31:Infinity":16,"s:32:10:32:Infinity":17,"s:34:31:34:55":18,"b:36:10:44:Infinity:42:17:44:Infinity":4,"s:36:10:44:Infinity":19,"s:37:39:40:15":20,"f:37:56:37:63":3,"s:37:68:40:13":21,"s:41:12:41:Infinity":22,"s:43:12:43:Infinity":23,"s:47:8:47:Infinity":24,"s:48:8:48:Infinity":25,"s:49:8:49:Infinity":26,"s:51:8:51:Infinity":27,"s:55:4:55:Infinity":28,"s:58:2:58:Infinity":29}}}
,"/workspaces/ArtScape/client/src/utils/tagDefinitions.js": {"path":"/workspaces/ArtScape/client/src/utils/tagDefinitions.js","statementMap":{"0":{"start":{"line":1,"column":32},"end":{"line":15,"column":1}},"1":{"start":{"line":2,"column":2},"end":{"line":2,"column":null}},"2":{"start":{"line":2,"column":13},"end":{"line":2,"column":null}},"3":{"start":{"line":3,"column":2},"end":{"line":7,"column":null}},"4":{"start":{"line":4,"column":4},"end":{"line":6,"column":null}},"5":{"start":{"line":5,"column":19},"end":{"line":5,"column":60}},"6":{"start":{"line":8,"column":2},"end":{"line":13,"column":null}},"7":{"start":{"line":9,"column":4},"end":{"line":12,"column":null}},"8":{"start":{"line":11,"column":18},"end":{"line":11,"column":28}},"9":{"start":{"line":14,"column":2},"end":{"line":14,"column":null}},"10":{"start":{"line":17,"column":26},"end":{"line":66,"column":1}},"11":{"start":{"line":68,"column":33},"end":{"line":112,"column":1}}},"fnMap":{"0":{"name":"(anonymous_0)","decl":{"start":{"line":1,"column":32},"end":{"line":1,"column":33}},"loc":{"start":{"line":1,"column":42},"end":{"line":15,"column":1}},"line":1},"1":{"name":"(anonymous_1)","decl":{"start":{"line":5,"column":11},"end":{"line":5,"column":14}},"loc":{"start":{"line":5,"column":19},"end":{"line":5,"column":60}},"line":5},"2":{"name":"(anonymous_2)","decl":{"start":{"line":11,"column":11},"end":{"line":11,"column":14}},"loc":{"start":{"line":11,"column":18},"end":{"line":11,"column":28}},"line":11}},"branchMap":{"0":{"loc":{"start":{"line":2,"column":2},"end":{"line":2,"column":null}},"type":"if","locations":[{"start":{"line":2,"column":2},"end":{"line":2,"column":null}},{"start":{},"end":{}}],"line":2},"1":{"loc":{"start":{"line":3,"column":2},"end":{"line":7,"column":null}},"type":"if","locations":[{"start":{"line":3,"column":2},"end":{"line":7,"column":null}},{"start":{},"end":{}}],"line":3},"2":{"loc":{"start":{"line":5,"column":19},"end":{"line":5,"column":60}},"type":"cond-expr","locations":[{"start":{"line":5,"column":45},"end":{"line":5,"column":55}},{"start":{"line":5,"column":58},"end":{"line":5,"column":60}}],"line":5},"3":{"loc":{"start":{"line":8,"column":2},"end":{"line":13,"column":null}},"type":"if","locations":[{"start":{"line":8,"column":2},"end":{"line":13,"column":null}},{"start":{},"end":{}}],"line":8}},"s":{"0":1,"1":1,"2":0,"3":1,"4":1,"5":0,"6":0,"7":0,"8":0,"9":0,"10":1,"11":1},"f":{"0":1,"1":0,"2":0},"b":{"0":[0,1],"1":[1,0],"2":[0,0],"3":[0,0]},"meta":{"lastBranch":4,"lastFunction":3,"lastStatement":12,"seen":{"s:1:32:15:1":0,"f:1:32:1:33":0,"b:2:2:2:Infinity:undefined:undefined:undefined:undefined":0,"s:2:2:2:Infinity":1,"s:2:13:2:Infinity":2,"b:3:2:7:Infinity:undefined:undefined:undefined:undefined":1,"s:3:2:7:Infinity":3,"s:4:4:6:Infinity":4,"f:5:11:5:14":1,"s:5:19:5:60":5,"b:5:45:5:55:5:58:5:60":2,"b:8:2:13:Infinity:undefined:undefined:undefined:undefined":3,"s:8:2:13:Infinity":6,"s:9:4:12:Infinity":7,"f:11:11:11:14":2,"s:11:18:11:28":8,"s:14:2:14:Infinity":9,"s:17:26:66:1":10,"s:68:33:112:1":11}}}
}
